#
# There is insufficient memory for the Java Runtime Environment to continue.
# Native memory allocation (malloc) failed to allocate 32744 bytes. Error detail: ChunkPool::allocate
# Possible reasons:
#   The system is out of physical RAM or swap space
#   This process is running with CompressedOops enabled, and the Java Heap may be blocking the growth of the native heap
# Possible solutions:
#   Reduce memory load on the system
#   Increase physical memory or swap space
#   Check if swap backing store is full
#   Decrease Java heap size (-Xmx/-Xms)
#   Decrease number of Java threads
#   Decrease Java thread stack sizes (-Xss)
#   Set larger code cache with -XX:ReservedCodeCacheSize=
#   JVM is running with Unscaled Compressed Oops mode in which the Java heap is
#     placed in the first 4GB address space. The Java Heap base address is the
#     maximum limit for the native heap growth. Please use -XX:HeapBaseMinAddress
#     to set the Java Heap base and to place the Java Heap above 4GB virtual address.
# This output file may be truncated or incomplete.
#
#  Out of Memory Error (arena.cpp:79), pid=31368, tid=13772
#
# JRE version: OpenJDK Runtime Environment Microsoft-12574423 (17.0.17+10) (build 17.0.17+10-LTS)
# Java VM: OpenJDK 64-Bit Server VM Microsoft-12574423 (17.0.17+10-LTS, mixed mode, sharing, tiered, compressed oops, compressed class ptrs, g1 gc, windows-amd64)
# No core dump will be written. Minidumps are not enabled by default on client versions of Windows
#

---------------  S U M M A R Y ------------

Command Line: -Xmx64m -Xms64m -Dorg.gradle.appname=gradlew C:\App_Development\Sendiong\android\\gradle\wrapper\gradle-wrapper.jar app:installDebug -PreactNativeDevServerPort=8081

Host: AMD Ryzen 5 7520U with Radeon Graphics         , 8 cores, 7G,  Windows 11 , 64 bit Build 26100 (10.0.26100.7920)
Time: Wed Mar 25 14:20:03 2026 Malay Peninsula Standard Time elapsed time: 283.184024 seconds (0d 0h 4m 43s)

---------------  T H R E A D  ---------------

Current thread (0x000001bcc864f330):  JavaThread "C2 CompilerThread0" daemon [_thread_in_native, id=13772, stack(0x0000002b97f00000,0x0000002b98000000)]


Current CompileTask:
C2:283189 1933       4       org.fusesource.jansi.Ansi::flushAttributes (94 bytes)

Stack: [0x0000002b97f00000,0x0000002b98000000]
Native frames: (J=compiled Java code, j=interpreted, Vv=VM code, C=native code)
V  [jvm.dll+0x68c459]  (no source info available)
V  [jvm.dll+0x845e09]  (no source info available)
V  [jvm.dll+0x847b78]  (no source info available)
V  [jvm.dll+0x848203]  (no source info available)
V  [jvm.dll+0x24cf6f]  (no source info available)
V  [jvm.dll+0xaeebe]  (no source info available)
V  [jvm.dll+0xaf35c]  (no source info available)
V  [jvm.dll+0x619780]  (no source info available)
V  [jvm.dll+0x61f34e]  (no source info available)
V  [jvm.dll+0x62024d]  (no source info available)
V  [jvm.dll+0x61e6fa]  (no source info available)
V  [jvm.dll+0x21dda0]  (no source info available)
V  [jvm.dll+0x21d36d]  (no source info available)
V  [jvm.dll+0x1a8ce6]  (no source info available)
V  [jvm.dll+0x22db1b]  (no source info available)
V  [jvm.dll+0x22bca6]  (no source info available)
V  [jvm.dll+0x7fb65b]  (no source info available)
V  [jvm.dll+0x7f5a5c]  (no source info available)
V  [jvm.dll+0x68d9f7]  (no source info available)
C  [ucrtbase.dll+0x37b0]  (no source info available)
C  [KERNEL32.DLL+0x2e8d7]  (no source info available)
C  [ntdll.dll+0x8c48c]  (no source info available)


---------------  P R O C E S S  ---------------

Threads class SMR info:
_java_thread_list=0x000001bd0e8af4e0, length=13, elements={
0x000001bcaebc9e10, 0x000001bcc862dda0, 0x000001bcc862f4d0, 0x000001bcc8648d70,
0x000001bcc864b740, 0x000001bcc864c100, 0x000001bcc864cac0, 0x000001bcc864f330,
0x000001bcc865bd60, 0x000001bcc86616a0, 0x000001bcc87cea70, 0x000001bcc87f3130,
0x000001bd0e342120
}

Java Threads: ( => current thread )
  0x000001bcaebc9e10 JavaThread "main" [_thread_in_native, id=24144, stack(0x0000002b97200000,0x0000002b97300000)]
  0x000001bcc862dda0 JavaThread "Reference Handler" daemon [_thread_blocked, id=21424, stack(0x0000002b97900000,0x0000002b97a00000)]
  0x000001bcc862f4d0 JavaThread "Finalizer" daemon [_thread_blocked, id=28196, stack(0x0000002b97a00000,0x0000002b97b00000)]
  0x000001bcc8648d70 JavaThread "Signal Dispatcher" daemon [_thread_blocked, id=9720, stack(0x0000002b97b00000,0x0000002b97c00000)]
  0x000001bcc864b740 JavaThread "Attach Listener" daemon [_thread_blocked, id=30920, stack(0x0000002b97c00000,0x0000002b97d00000)]
  0x000001bcc864c100 JavaThread "Service Thread" daemon [_thread_blocked, id=9264, stack(0x0000002b97d00000,0x0000002b97e00000)]
  0x000001bcc864cac0 JavaThread "Monitor Deflation Thread" daemon [_thread_blocked, id=27308, stack(0x0000002b97e00000,0x0000002b97f00000)]
=>0x000001bcc864f330 JavaThread "C2 CompilerThread0" daemon [_thread_in_native, id=13772, stack(0x0000002b97f00000,0x0000002b98000000)]
  0x000001bcc865bd60 JavaThread "C1 CompilerThread0" daemon [_thread_blocked, id=31704, stack(0x0000002b98000000,0x0000002b98100000)]
  0x000001bcc86616a0 JavaThread "Sweeper thread" daemon [_thread_blocked, id=14088, stack(0x0000002b98100000,0x0000002b98200000)]
  0x000001bcc87cea70 JavaThread "Notification Thread" daemon [_thread_blocked, id=28576, stack(0x0000002b98200000,0x0000002b98300000)]
  0x000001bcc87f3130 JavaThread "Common-Cleaner" daemon [_thread_blocked, id=28980, stack(0x0000002b98400000,0x0000002b98500000)]
  0x000001bd0e342120 JavaThread "pool-1-thread-1" [_thread_blocked, id=17356, stack(0x0000002b98800000,0x0000002b98900000)]

Other Threads:
  0x000001bcc8629cf0 VMThread "VM Thread" [stack: 0x0000002b97800000,0x0000002b97900000] [id=7492]
  0x000001bcc86eece0 WatcherThread [stack: 0x0000002b98300000,0x0000002b98400000] [id=28368]
  0x000001bcaebecf20 GCTaskThread "GC Thread#0" [stack: 0x0000002b97300000,0x0000002b97400000] [id=23300]
  0x000001bd0e087020 GCTaskThread "GC Thread#1" [stack: 0x0000002b98500000,0x0000002b98600000] [id=28712]
  0x000001bcc8a4fd40 GCTaskThread "GC Thread#2" [stack: 0x0000002b98600000,0x0000002b98700000] [id=28632]
  0x000001bd0e00d4a0 GCTaskThread "GC Thread#3" [stack: 0x0000002b98700000,0x0000002b98800000] [id=30268]
  0x000001bd0e7c01b0 GCTaskThread "GC Thread#4" [stack: 0x0000002b98900000,0x0000002b98a00000] [id=25728]
  0x000001bd0e7beb30 GCTaskThread "GC Thread#5" [stack: 0x0000002b98a00000,0x0000002b98b00000] [id=18420]
  0x000001bd0e7bee00 GCTaskThread "GC Thread#6" [stack: 0x0000002b98b00000,0x0000002b98c00000] [id=18864]
  0x000001bd0e7bf0d0 GCTaskThread "GC Thread#7" [stack: 0x0000002b98c00000,0x0000002b98d00000] [id=28660]
  0x000001bcaebef350 ConcurrentGCThread "G1 Main Marker" [stack: 0x0000002b97400000,0x0000002b97500000] [id=15960]
  0x000001bcaebf0510 ConcurrentGCThread "G1 Conc#0" [stack: 0x0000002b97500000,0x0000002b97600000] [id=10224]
  0x000001bcaec7df00 ConcurrentGCThread "G1 Refine#0" [stack: 0x0000002b97600000,0x0000002b97700000] [id=11860]
  0x000001bcaec7e7e0 ConcurrentGCThread "G1 Service" [stack: 0x0000002b97700000,0x0000002b97800000] [id=28912]

Threads with active compile tasks:
C2 CompilerThread0  283449 1933       4       org.fusesource.jansi.Ansi::flushAttributes (94 bytes)

VM state: not at safepoint (normal execution)

VM Mutex/Monitor currently owned by a thread: None

Heap address: 0x00000000fc000000, size: 64 MB, Compressed Oops mode: 32-bit

CDS archive(s) mapped at: [0x000001bcc9000000-0x000001bcc9bb0000-0x000001bcc9bb0000), size 12255232, SharedBaseAddress: 0x000001bcc9000000, ArchiveRelocationMode: 1.
Compressed class space mapped at: 0x000001bcca000000-0x000001bd0a000000, reserved size: 1073741824
Narrow klass base: 0x000001bcc9000000, Narrow klass shift: 0, Narrow klass range: 0x100000000

GC Precious Log:
 CPUs: 8 total, 8 available
 Memory: 7412M
 Large Page Support: Disabled
 NUMA Support: Disabled
 Compressed Oops: Enabled (32-bit)
 Heap Region Size: 1M
 Heap Min Capacity: 64M
 Heap Initial Capacity: 64M
 Heap Max Capacity: 64M
 Pre-touch: Disabled
 Parallel Workers: 8
 Concurrent Workers: 2
 Concurrent Refinement Workers: 8
 Periodic GC: Disabled

Heap:
 garbage-first heap   total 65536K, used 19434K [0x00000000fc000000, 0x0000000100000000)
  region size 1024K, 13 young (13312K), 4 survivors (4096K)
 Metaspace       used 9667K, committed 9856K, reserved 1114112K
  class space    used 1252K, committed 1344K, reserved 1048576K

Heap Regions: E=young(eden), S=young(survivor), O=old, HS=humongous(starts), HC=humongous(continues), CS=collection set, F=free, OA=open archive, CA=closed archive, TAMS=top-at-mark-start (previous, next)
|   0|0x00000000fc000000, 0x00000000fc100000, 0x00000000fc100000|100%|HS|  |TAMS 0x00000000fc000000, 0x00000000fc000000| Complete 
|   1|0x00000000fc100000, 0x00000000fc200000, 0x00000000fc200000|100%|HC|  |TAMS 0x00000000fc100000, 0x00000000fc100000| Complete 
|   2|0x00000000fc200000, 0x00000000fc300000, 0x00000000fc300000|100%|HC|  |TAMS 0x00000000fc200000, 0x00000000fc200000| Complete 
|   3|0x00000000fc300000, 0x00000000fc400000, 0x00000000fc400000|100%| O|  |TAMS 0x00000000fc300000, 0x00000000fc300000| Untracked 
|   4|0x00000000fc400000, 0x00000000fc500000, 0x00000000fc500000|100%| O|  |TAMS 0x00000000fc400000, 0x00000000fc400000| Untracked 
|   5|0x00000000fc500000, 0x00000000fc600000, 0x00000000fc600000|100%| O|  |TAMS 0x00000000fc500000, 0x00000000fc500000| Untracked 
|   6|0x00000000fc600000, 0x00000000fc6fa800, 0x00000000fc700000| 97%| O|  |TAMS 0x00000000fc600000, 0x00000000fc600000| Untracked 
|   7|0x00000000fc700000, 0x00000000fc700000, 0x00000000fc800000|  0%| F|  |TAMS 0x00000000fc700000, 0x00000000fc700000| Untracked 
|   8|0x00000000fc800000, 0x00000000fc800000, 0x00000000fc900000|  0%| F|  |TAMS 0x00000000fc800000, 0x00000000fc800000| Untracked 
|   9|0x00000000fc900000, 0x00000000fc900000, 0x00000000fca00000|  0%| F|  |TAMS 0x00000000fc900000, 0x00000000fc900000| Untracked 
|  10|0x00000000fca00000, 0x00000000fca00000, 0x00000000fcb00000|  0%| F|  |TAMS 0x00000000fca00000, 0x00000000fca00000| Untracked 
|  11|0x00000000fcb00000, 0x00000000fcb00000, 0x00000000fcc00000|  0%| F|  |TAMS 0x00000000fcb00000, 0x00000000fcb00000| Untracked 
|  12|0x00000000fcc00000, 0x00000000fcc00000, 0x00000000fcd00000|  0%| F|  |TAMS 0x00000000fcc00000, 0x00000000fcc00000| Untracked 
|  13|0x00000000fcd00000, 0x00000000fcd00000, 0x00000000fce00000|  0%| F|  |TAMS 0x00000000fcd00000, 0x00000000fcd00000| Untracked 
|  14|0x00000000fce00000, 0x00000000fce00000, 0x00000000fcf00000|  0%| F|  |TAMS 0x00000000fce00000, 0x00000000fce00000| Untracked 
|  15|0x00000000fcf00000, 0x00000000fcf00000, 0x00000000fd000000|  0%| F|  |TAMS 0x00000000fcf00000, 0x00000000fcf00000| Untracked 
|  16|0x00000000fd000000, 0x00000000fd000000, 0x00000000fd100000|  0%| F|  |TAMS 0x00000000fd000000, 0x00000000fd000000| Untracked 
|  17|0x00000000fd100000, 0x00000000fd100000, 0x00000000fd200000|  0%| F|  |TAMS 0x00000000fd100000, 0x00000000fd100000| Untracked 
|  18|0x00000000fd200000, 0x00000000fd200000, 0x00000000fd300000|  0%| F|  |TAMS 0x00000000fd200000, 0x00000000fd200000| Untracked 
|  19|0x00000000fd300000, 0x00000000fd300000, 0x00000000fd400000|  0%| F|  |TAMS 0x00000000fd300000, 0x00000000fd300000| Untracked 
|  20|0x00000000fd400000, 0x00000000fd400000, 0x00000000fd500000|  0%| F|  |TAMS 0x00000000fd400000, 0x00000000fd400000| Untracked 
|  21|0x00000000fd500000, 0x00000000fd500000, 0x00000000fd600000|  0%| F|  |TAMS 0x00000000fd500000, 0x00000000fd500000| Untracked 
|  22|0x00000000fd600000, 0x00000000fd600000, 0x00000000fd700000|  0%| F|  |TAMS 0x00000000fd600000, 0x00000000fd600000| Untracked 
|  23|0x00000000fd700000, 0x00000000fd700000, 0x00000000fd800000|  0%| F|  |TAMS 0x00000000fd700000, 0x00000000fd700000| Untracked 
|  24|0x00000000fd800000, 0x00000000fd800000, 0x00000000fd900000|  0%| F|  |TAMS 0x00000000fd800000, 0x00000000fd800000| Untracked 
|  25|0x00000000fd900000, 0x00000000fd900000, 0x00000000fda00000|  0%| F|  |TAMS 0x00000000fd900000, 0x00000000fd900000| Untracked 
|  26|0x00000000fda00000, 0x00000000fda00000, 0x00000000fdb00000|  0%| F|  |TAMS 0x00000000fda00000, 0x00000000fda00000| Untracked 
|  27|0x00000000fdb00000, 0x00000000fdb00000, 0x00000000fdc00000|  0%| F|  |TAMS 0x00000000fdb00000, 0x00000000fdb00000| Untracked 
|  28|0x00000000fdc00000, 0x00000000fdd00000, 0x00000000fdd00000|100%| S|CS|TAMS 0x00000000fdc00000, 0x00000000fdc00000| Complete 
|  29|0x00000000fdd00000, 0x00000000fde00000, 0x00000000fde00000|100%| S|CS|TAMS 0x00000000fdd00000, 0x00000000fdd00000| Complete 
|  30|0x00000000fde00000, 0x00000000fdf00000, 0x00000000fdf00000|100%| S|CS|TAMS 0x00000000fde00000, 0x00000000fde00000| Complete 
|  31|0x00000000fdf00000, 0x00000000fe000000, 0x00000000fe000000|100%| S|CS|TAMS 0x00000000fdf00000, 0x00000000fdf00000| Complete 
|  32|0x00000000fe000000, 0x00000000fe000000, 0x00000000fe100000|  0%| F|  |TAMS 0x00000000fe000000, 0x00000000fe000000| Untracked 
|  33|0x00000000fe100000, 0x00000000fe100000, 0x00000000fe200000|  0%| F|  |TAMS 0x00000000fe100000, 0x00000000fe100000| Untracked 
|  34|0x00000000fe200000, 0x00000000fe200000, 0x00000000fe300000|  0%| F|  |TAMS 0x00000000fe200000, 0x00000000fe200000| Untracked 
|  35|0x00000000fe300000, 0x00000000fe300000, 0x00000000fe400000|  0%| F|  |TAMS 0x00000000fe300000, 0x00000000fe300000| Untracked 
|  36|0x00000000fe400000, 0x00000000fe400000, 0x00000000fe500000|  0%| F|  |TAMS 0x00000000fe400000, 0x00000000fe400000| Untracked 
|  37|0x00000000fe500000, 0x00000000fe500000, 0x00000000fe600000|  0%| F|  |TAMS 0x00000000fe500000, 0x00000000fe500000| Untracked 
|  38|0x00000000fe600000, 0x00000000fe600000, 0x00000000fe700000|  0%| F|  |TAMS 0x00000000fe600000, 0x00000000fe600000| Untracked 
|  39|0x00000000fe700000, 0x00000000fe700000, 0x00000000fe800000|  0%| F|  |TAMS 0x00000000fe700000, 0x00000000fe700000| Untracked 
|  40|0x00000000fe800000, 0x00000000fe800000, 0x00000000fe900000|  0%| F|  |TAMS 0x00000000fe800000, 0x00000000fe800000| Untracked 
|  41|0x00000000fe900000, 0x00000000fe900000, 0x00000000fea00000|  0%| F|  |TAMS 0x00000000fe900000, 0x00000000fe900000| Untracked 
|  42|0x00000000fea00000, 0x00000000fea00000, 0x00000000feb00000|  0%| F|  |TAMS 0x00000000fea00000, 0x00000000fea00000| Untracked 
|  43|0x00000000feb00000, 0x00000000feb00000, 0x00000000fec00000|  0%| F|  |TAMS 0x00000000feb00000, 0x00000000feb00000| Untracked 
|  44|0x00000000fec00000, 0x00000000fec00000, 0x00000000fed00000|  0%| F|  |TAMS 0x00000000fec00000, 0x00000000fec00000| Untracked 
|  45|0x00000000fed00000, 0x00000000fed00000, 0x00000000fee00000|  0%| F|  |TAMS 0x00000000fed00000, 0x00000000fed00000| Untracked 
|  46|0x00000000fee00000, 0x00000000fee00000, 0x00000000fef00000|  0%| F|  |TAMS 0x00000000fee00000, 0x00000000fee00000| Untracked 
|  47|0x00000000fef00000, 0x00000000fef00000, 0x00000000ff000000|  0%| F|  |TAMS 0x00000000fef00000, 0x00000000fef00000| Untracked 
|  48|0x00000000ff000000, 0x00000000ff000000, 0x00000000ff100000|  0%| F|  |TAMS 0x00000000ff000000, 0x00000000ff000000| Untracked 
|  49|0x00000000ff100000, 0x00000000ff100000, 0x00000000ff200000|  0%| F|  |TAMS 0x00000000ff100000, 0x00000000ff100000| Untracked 
|  50|0x00000000ff200000, 0x00000000ff200000, 0x00000000ff300000|  0%| F|  |TAMS 0x00000000ff200000, 0x00000000ff200000| Untracked 
|  51|0x00000000ff300000, 0x00000000ff300000, 0x00000000ff400000|  0%| F|  |TAMS 0x00000000ff300000, 0x00000000ff300000| Untracked 
|  52|0x00000000ff400000, 0x00000000ff400000, 0x00000000ff500000|  0%| F|  |TAMS 0x00000000ff400000, 0x00000000ff400000| Untracked 
|  53|0x00000000ff500000, 0x00000000ff500000, 0x00000000ff600000|  0%| F|  |TAMS 0x00000000ff500000, 0x00000000ff500000| Untracked 
|  54|0x00000000ff600000, 0x00000000ff600000, 0x00000000ff700000|  0%| F|  |TAMS 0x00000000ff600000, 0x00000000ff600000| Untracked 
|  55|0x00000000ff700000, 0x00000000ff7d7ae0, 0x00000000ff800000| 84%| E|  |TAMS 0x00000000ff700000, 0x00000000ff700000| Complete 
|  56|0x00000000ff800000, 0x00000000ff900000, 0x00000000ff900000|100%| E|CS|TAMS 0x00000000ff800000, 0x00000000ff800000| Complete 
|  57|0x00000000ff900000, 0x00000000ffa00000, 0x00000000ffa00000|100%| E|CS|TAMS 0x00000000ff900000, 0x00000000ff900000| Complete 
|  58|0x00000000ffa00000, 0x00000000ffb00000, 0x00000000ffb00000|100%| E|CS|TAMS 0x00000000ffa00000, 0x00000000ffa00000| Complete 
|  59|0x00000000ffb00000, 0x00000000ffc00000, 0x00000000ffc00000|100%| E|CS|TAMS 0x00000000ffb00000, 0x00000000ffb00000| Complete 
|  60|0x00000000ffc00000, 0x00000000ffd00000, 0x00000000ffd00000|100%| E|CS|TAMS 0x00000000ffc00000, 0x00000000ffc00000| Complete 
|  61|0x00000000ffd00000, 0x00000000ffe00000, 0x00000000ffe00000|100%| E|CS|TAMS 0x00000000ffd00000, 0x00000000ffd00000| Complete 
|  62|0x00000000ffe00000, 0x00000000fff00000, 0x00000000fff00000|100%| E|CS|TAMS 0x00000000ffe00000, 0x00000000ffe00000| Complete 
|  63|0x00000000fff00000, 0x0000000100000000, 0x0000000100000000|100%| E|CS|TAMS 0x00000000fff00000, 0x00000000fff00000| Complete 

Card table byte_map: [0x000001bcaeab0000,0x000001bcaead0000] _byte_map_base: 0x000001bcae2d0000

Marking Bits (Prev, Next): (CMBitMap*) 0x000001bcaebed550, (CMBitMap*) 0x000001bcaebed590
 Prev Bits: [0x000001bcc5a70000, 0x000001bcc5b70000)
 Next Bits: [0x000001bcc5b70000, 0x000001bcc5c70000)

Polling page: 0x000001bcaca60000

Metaspace:

Usage:
  Non-class:      8.22 MB used.
      Class:      1.22 MB used.
       Both:      9.44 MB used.

Virtual space:
  Non-class space:       64.00 MB reserved,       8.31 MB ( 13%) committed,  1 nodes.
      Class space:        1.00 GB reserved,       1.31 MB ( <1%) committed,  1 nodes.
             Both:        1.06 GB reserved,       9.62 MB ( <1%) committed. 

Chunk freelists:
   Non-Class:  7.63 MB
       Class:  14.51 MB
        Both:  22.14 MB

MaxMetaspaceSize: unlimited
CompressedClassSpaceSize: 1.00 GB
Initial GC threshold: 21.00 MB
Current GC threshold: 21.00 MB
CDS: on
MetaspaceReclaimPolicy: balanced
 - commit_granule_bytes: 65536.
 - commit_granule_words: 8192.
 - virtual_space_node_default_size: 8388608.
 - enlarge_chunks_in_place: 1.
 - new_chunks_are_fully_committed: 0.
 - uncommit_free_chunks: 1.
 - use_allocation_guard: 0.
 - handle_deallocations: 1.


Internal statistics:

num_allocs_failed_limit: 0.
num_arena_births: 72.
num_arena_deaths: 0.
num_vsnodes_births: 2.
num_vsnodes_deaths: 0.
num_space_committed: 154.
num_space_uncommitted: 0.
num_chunks_returned_to_freelist: 0.
num_chunks_taken_from_freelist: 331.
num_chunk_merges: 0.
num_chunk_splits: 217.
num_chunks_enlarged: 183.
num_inconsistent_stats: 0.

CodeHeap 'non-profiled nmethods': size=120000Kb used=752Kb max_used=752Kb free=119247Kb
 bounds [0x000001bcbe210000, 0x000001bcbe480000, 0x000001bcc5740000]
CodeHeap 'profiled nmethods': size=120000Kb used=3580Kb max_used=3580Kb free=116419Kb
 bounds [0x000001bcb6740000, 0x000001bcb6ac0000, 0x000001bcbdc70000]
CodeHeap 'non-nmethods': size=5760Kb used=1169Kb max_used=1188Kb free=4590Kb
 bounds [0x000001bcbdc70000, 0x000001bcbdee0000, 0x000001bcbe210000]
 total_blobs=2386 nmethods=1921 adapters=378
 compilation: enabled
              stopped_count=0, restarted_count=0
 full_count=0

Compilation events (20 events):
Event: 231.952 Thread 0x000001bcc864f330 nmethod 1922 0x000001bcbe2cad10 code [0x000001bcbe2caea0, 0x000001bcbe2caf38]
Event: 232.599 Thread 0x000001bcc864f330 1923       4       java.util.concurrent.locks.ReentrantLock$NonfairSync::initialTryLock (58 bytes)
Event: 232.631 Thread 0x000001bcc864f330 nmethod 1923 0x000001bcbe2cb010 code [0x000001bcbe2cb1a0, 0x000001bcbe2cb318]
Event: 249.801 Thread 0x000001bcc865bd60 1924       3       java.util.ArrayList::rangeCheckForAdd (26 bytes)
Event: 249.932 Thread 0x000001bcc865bd60 nmethod 1924 0x000001bcb6abd410 code [0x000001bcb6abd660, 0x000001bcb6abdce8]
Event: 255.811 Thread 0x000001bcc865bd60 1925       3       org.gradle.internal.logging.console.DefaultColorMap$CompositeColor::on (40 bytes)
Event: 256.053 Thread 0x000001bcc865bd60 nmethod 1925 0x000001bcb6abdf90 code [0x000001bcb6abe180, 0x000001bcb6abe778]
Event: 256.054 Thread 0x000001bcc865bd60 1927       3       org.gradle.internal.logging.console.DefaultColorMap$CompositeColor::off (43 bytes)
Event: 256.086 Thread 0x000001bcc865bd60 nmethod 1927 0x000001bcb6abe910 code [0x000001bcb6abeb20, 0x000001bcb6abf128]
Event: 265.199 Thread 0x000001bcc864f330 1928       4       java.util.concurrent.locks.LockSupport::setBlocker (12 bytes)
Event: 265.474 Thread 0x000001bcc864f330 nmethod 1928 0x000001bcbe2cb390 code [0x000001bcbe2cb500, 0x000001bcbe2cb618]
Event: 268.096 Thread 0x000001bcc864f330 1929       4       java.util.concurrent.ScheduledThreadPoolExecutor$ScheduledFutureTask::getDelay (16 bytes)
Event: 268.213 Thread 0x000001bcc864f330 nmethod 1929 0x000001bcbe2cb690 code [0x000001bcbe2cb820, 0x000001bcbe2cb958]
Event: 269.297 Thread 0x000001bcc864f330 1930       4       java.util.concurrent.locks.AbstractQueuedSynchronizer$ConditionObject::canReacquire (38 bytes)
Event: 269.323 Thread 0x000001bcc864f330 nmethod 1930 0x000001bcbe2cba90 code [0x000001bcbe2cbc20, 0x000001bcbe2cbcd8]
Event: 277.098 Thread 0x000001bcc864f330 1931       4       java.util.Collections$SingletonList::get (41 bytes)
Event: 277.121 Thread 0x000001bcc864f330 nmethod 1931 0x000001bcbe2cbd90 code [0x000001bcbe2cbf20, 0x000001bcbe2cbfb8]
Event: 278.589 Thread 0x000001bcc864f330 1932       4       java.util.concurrent.locks.ReentrantLock$Sync::isHeldExclusively (16 bytes)
Event: 278.595 Thread 0x000001bcc864f330 nmethod 1932 0x000001bcbe2cc090 code [0x000001bcbe2cc220, 0x000001bcbe2cc2d8]
Event: 280.945 Thread 0x000001bcc864f330 1933       4       org.fusesource.jansi.Ansi::flushAttributes (94 bytes)

GC Heap History (4 events):
Event: 1.204 GC heap before
{Heap before GC invocations=0 (full 0):
 garbage-first heap   total 65536K, used 22528K [0x00000000fc000000, 0x0000000100000000)
  region size 1024K, 23 young (23552K), 0 survivors (0K)
 Metaspace       used 1794K, committed 1920K, reserved 1114112K
  class space    used 162K, committed 192K, reserved 1048576K
}
Event: 1.211 GC heap after
{Heap after GC invocations=1 (full 0):
 garbage-first heap   total 65536K, used 1920K [0x00000000fc000000, 0x0000000100000000)
  region size 1024K, 2 young (2048K), 2 survivors (2048K)
 Metaspace       used 1794K, committed 1920K, reserved 1114112K
  class space    used 162K, committed 192K, reserved 1048576K
}
Event: 3.530 GC heap before
{Heap before GC invocations=1 (full 0):
 garbage-first heap   total 65536K, used 35712K [0x00000000fc000000, 0x0000000100000000)
  region size 1024K, 32 young (32768K), 2 survivors (2048K)
 Metaspace       used 7695K, committed 7808K, reserved 1114112K
  class space    used 1041K, committed 1088K, reserved 1048576K
}
Event: 3.545 GC heap after
{Heap after GC invocations=2 (full 0):
 garbage-first heap   total 65536K, used 11242K [0x00000000fc000000, 0x0000000100000000)
  region size 1024K, 4 young (4096K), 4 survivors (4096K)
 Metaspace       used 7695K, committed 7808K, reserved 1114112K
  class space    used 1041K, committed 1088K, reserved 1048576K
}

Dll operation events (13 events):
Event: 0.026 Loaded shared library C:\Program Files\Microsoft\jdk-17.0.17.10-hotspot\bin\java.dll
Event: 0.098 Loaded shared library C:\Program Files\Microsoft\jdk-17.0.17.10-hotspot\bin\jsvml.dll
Event: 0.201 Loaded shared library C:\Program Files\Microsoft\jdk-17.0.17.10-hotspot\bin\net.dll
Event: 0.208 Loaded shared library C:\Program Files\Microsoft\jdk-17.0.17.10-hotspot\bin\nio.dll
Event: 0.218 Loaded shared library C:\Program Files\Microsoft\jdk-17.0.17.10-hotspot\bin\zip.dll
Event: 1.143 Loaded shared library C:\Program Files\Microsoft\jdk-17.0.17.10-hotspot\bin\jimage.dll
Event: 2.112 Loaded shared library C:\Program Files\Microsoft\jdk-17.0.17.10-hotspot\bin\management.dll
Event: 2.126 Loaded shared library C:\Program Files\Microsoft\jdk-17.0.17.10-hotspot\bin\management_ext.dll
Event: 2.255 Loaded shared library C:\Program Files\Microsoft\jdk-17.0.17.10-hotspot\bin\verify.dll
Event: 2.292 Loaded shared library C:\Users\mark072205\.gradle\native\1def1411415f61bf3af743bc5b6707747c0891f09f0c88961ee8f79bc544acac\windows-amd64\native-platform.dll
Event: 2.409 Loaded shared library C:\Users\mark072205\.gradle\native\jansi\1.18\windows64\jansi.dll
Event: 3.231 Loaded shared library C:\Program Files\Microsoft\jdk-17.0.17.10-hotspot\bin\extnet.dll
Event: 3.879 Loaded shared library C:\Program Files\Microsoft\jdk-17.0.17.10-hotspot\bin\sunmscapi.dll

Deoptimization events (20 events):
Event: 3.784 Thread 0x000001bcaebc9e10 Uncommon trap: trap_request=0xffffff45 fr.pc=0x000001bcbe25ebd8 relative=0x0000000000000618
Event: 3.784 Thread 0x000001bcaebc9e10 Uncommon trap: reason=unstable_if action=reinterpret pc=0x000001bcbe25ebd8 method=java.lang.AbstractStringBuilder.append(Ljava/lang/String;)Ljava/lang/AbstractStringBuilder; @ 1 c2
Event: 3.784 Thread 0x000001bcaebc9e10 DEOPT PACKING pc=0x000001bcbe25ebd8 sp=0x0000002b972fd220
Event: 3.784 Thread 0x000001bcaebc9e10 DEOPT UNPACKING pc=0x000001bcbdcc69a3 sp=0x0000002b972fd1a0 mode 2
Event: 3.790 Thread 0x000001bcaebc9e10 Uncommon trap: trap_request=0xffffff45 fr.pc=0x000001bcbe25dfe8 relative=0x0000000000000628
Event: 3.790 Thread 0x000001bcaebc9e10 Uncommon trap: reason=unstable_if action=reinterpret pc=0x000001bcbe25dfe8 method=java.lang.AbstractStringBuilder.append(Ljava/lang/String;)Ljava/lang/AbstractStringBuilder; @ 1 c2
Event: 3.790 Thread 0x000001bcaebc9e10 DEOPT PACKING pc=0x000001bcbe25dfe8 sp=0x0000002b972fd230
Event: 3.790 Thread 0x000001bcaebc9e10 DEOPT UNPACKING pc=0x000001bcbdcc69a3 sp=0x0000002b972fd208 mode 2
Event: 3.848 Thread 0x000001bcaebc9e10 Uncommon trap: trap_request=0xffffffde fr.pc=0x000001bcbe248694 relative=0x0000000000000074
Event: 3.848 Thread 0x000001bcaebc9e10 Uncommon trap: reason=class_check action=maybe_recompile pc=0x000001bcbe248694 method=java.util.AbstractList$Itr.hasNext()Z @ 8 c2
Event: 3.848 Thread 0x000001bcaebc9e10 DEOPT PACKING pc=0x000001bcbe248694 sp=0x0000002b972fcc00
Event: 3.848 Thread 0x000001bcaebc9e10 DEOPT UNPACKING pc=0x000001bcbdcc69a3 sp=0x0000002b972fcb98 mode 2
Event: 3.946 Thread 0x000001bcaebc9e10 Uncommon trap: trap_request=0xffffffde fr.pc=0x000001bcbe248694 relative=0x0000000000000074
Event: 3.946 Thread 0x000001bcaebc9e10 Uncommon trap: reason=class_check action=maybe_recompile pc=0x000001bcbe248694 method=java.util.AbstractList$Itr.hasNext()Z @ 8 c2
Event: 3.946 Thread 0x000001bcaebc9e10 DEOPT PACKING pc=0x000001bcbe248694 sp=0x0000002b972fc510
Event: 3.946 Thread 0x000001bcaebc9e10 DEOPT UNPACKING pc=0x000001bcbdcc69a3 sp=0x0000002b972fc4a8 mode 2
Event: 3.989 Thread 0x000001bd0e342120 Uncommon trap: trap_request=0xffffffde fr.pc=0x000001bcbe248694 relative=0x0000000000000074
Event: 3.989 Thread 0x000001bd0e342120 Uncommon trap: reason=class_check action=maybe_recompile pc=0x000001bcbe248694 method=java.util.AbstractList$Itr.hasNext()Z @ 8 c2
Event: 3.989 Thread 0x000001bd0e342120 DEOPT PACKING pc=0x000001bcbe248694 sp=0x0000002b988fe8f0
Event: 3.989 Thread 0x000001bd0e342120 DEOPT UNPACKING pc=0x000001bcbdcc69a3 sp=0x0000002b988fe888 mode 2

Classes loaded (20 events):
Event: 41.929 Loading class jdk/internal/logger/LoggerFinderLoader
Event: 41.930 Loading class jdk/internal/logger/LoggerFinderLoader done
Event: 41.939 Loading class jdk/internal/logger/LoggerFinderLoader$TemporaryLoggerFinder
Event: 41.940 Loading class jdk/internal/logger/LoggerFinderLoader$TemporaryLoggerFinder done
Event: 41.949 Loading class sun/util/logging/internal/LoggingProviderImpl$JULWrapper
Event: 41.950 Loading class sun/util/logging/PlatformLogger$ConfigurableBridge$LoggerConfiguration
Event: 41.951 Loading class sun/util/logging/PlatformLogger$ConfigurableBridge$LoggerConfiguration done
Event: 41.953 Loading class sun/util/logging/internal/LoggingProviderImpl$JULWrapper done
Event: 41.954 Loading class java/io/ObjectInputFilter
Event: 41.955 Loading class java/io/ObjectInputFilter done
Event: 41.957 Loading class java/io/ObjectInputFilter$Config$BuiltinFilterFactory
Event: 41.958 Loading class java/io/ObjectInputFilter$Config$BuiltinFilterFactory done
Event: 41.958 Loading class jdk/internal/access/JavaObjectInputFilterAccess
Event: 41.959 Loading class jdk/internal/access/JavaObjectInputFilterAccess done
Event: 41.960 Loading class java/lang/System$Logger$Level
Event: 41.961 Loading class java/lang/System$Logger$Level done
Event: 41.962 Loading class java/io/Bits
Event: 41.963 Loading class java/io/Bits done
Event: 43.540 Loading class java/util/ArrayList$ListItr
Event: 43.543 Loading class java/util/ArrayList$ListItr done

Classes unloaded (0 events):
No events

Classes redefined (0 events):
No events

Internal exceptions (19 events):
Event: 0.501 Thread 0x000001bcaebc9e10 Exception <a 'java/lang/NoSuchMethodError'{0x00000000ffdfc980}: 'int java.lang.invoke.DirectMethodHandle$Holder.invokeStaticInit(java.lang.Object, java.lang.Object)'> (0x00000000ffdfc980) 
thrown [s\src\hotspot\share\interpreter\linkResolver.cpp, line 759]
Event: 1.838 Thread 0x000001bcaebc9e10 Exception <a 'java/lang/NoSuchMethodError'{0x00000000ff4324d8}: 'int java.lang.invoke.DirectMethodHandle$Holder.invokeStatic(java.lang.Object, java.lang.Object, int)'> (0x00000000ff4324d8) 
thrown [s\src\hotspot\share\interpreter\linkResolver.cpp, line 759]
Event: 2.107 Thread 0x000001bcaebc9e10 Exception <a 'java/lang/NoSuchMethodError'{0x00000000ff00c078}: 'java.lang.Object java.lang.invoke.DirectMethodHandle$Holder.invokeStaticInit(java.lang.Object)'> (0x00000000ff00c078) 
thrown [s\src\hotspot\share\interpreter\linkResolver.cpp, line 759]
Event: 2.152 Thread 0x000001bcaebc9e10 Exception <a 'java/lang/NoSuchMethodError'{0x00000000ff026d68}: 'int java.lang.invoke.DirectMethodHandle$Holder.invokeSpecial(java.lang.Object, java.lang.Object, java.lang.Object)'> (0x00000000ff026d68) 
thrown [s\src\hotspot\share\interpreter\linkResolver.cpp, line 759]
Event: 2.173 Thread 0x000001bcaebc9e10 Exception <a 'java/lang/NoSuchMethodError'{0x00000000ff063d80}: 'void java.lang.invoke.DirectMethodHandle$Holder.invokeStatic(java.lang.Object, java.lang.Object)'> (0x00000000ff063d80) 
thrown [s\src\hotspot\share\interpreter\linkResolver.cpp, line 759]
Event: 2.177 Thread 0x000001bcaebc9e10 Implicit null exception at 0x000001bcbe275b0a to 0x000001bcbe27604c
Event: 2.322 Thread 0x000001bcaebc9e10 Exception <a 'java/lang/NoSuchMethodError'{0x00000000fee13db8}: 'java.lang.Object java.lang.invoke.Invokers$Holder.invoker(java.lang.Object, java.lang.Object, java.lang.Object)'> (0x00000000fee13db8) 
thrown [s\src\hotspot\share\interpreter\linkResolver.cpp, line 759]
Event: 2.325 Thread 0x000001bcaebc9e10 Exception <a 'java/lang/NoSuchMethodError'{0x00000000fee1cf10}: 'java.lang.Object java.lang.invoke.DirectMethodHandle$Holder.invokeStatic(java.lang.Object, java.lang.Object, int)'> (0x00000000fee1cf10) 
thrown [s\src\hotspot\share\interpreter\linkResolver.cpp, line 759]
Event: 2.328 Thread 0x000001bcaebc9e10 Exception <a 'java/lang/NoSuchMethodError'{0x00000000fee28c00}: 'void java.lang.invoke.DelegatingMethodHandle$Holder.delegate(java.lang.Object, java.lang.Object, int, java.lang.Object)'> (0x00000000fee28c00) 
thrown [s\src\hotspot\share\interpreter\linkResolver.cpp, line 759]
Event: 2.333 Thread 0x000001bcaebc9e10 Exception <a 'java/lang/NoSuchMethodError'{0x00000000fee3c248}: 'java.lang.Object java.lang.invoke.Invokers$Holder.invokeExact_MT(java.lang.Object, java.lang.Object, java.lang.Object, java.lang.Object)'> (0x00000000fee3c248) 
thrown [s\src\hotspot\share\interpreter\linkResolver.cpp, line 759]
Event: 2.350 Thread 0x000001bcaebc9e10 Exception <a 'java/lang/NoSuchMethodError'{0x00000000fee6a178}: 'java.lang.Object java.lang.invoke.DirectMethodHandle$Holder.invokeVirtual(java.lang.Object, java.lang.Object, java.lang.Object)'> (0x00000000fee6a178) 
thrown [s\src\hotspot\share\interpreter\linkResolver.cpp, line 759]
Event: 2.589 Thread 0x000001bcaebc9e10 Exception <a 'java/lang/NoSuchMethodError'{0x00000000fea57700}: 'java.lang.Object java.lang.invoke.DirectMethodHandle$Holder.newInvokeSpecial(java.lang.Object, java.lang.Object, java.lang.Object, java.lang.Object, java.lang.Object)'> (0x00000000fea57700) 
thrown [s\src\hotspot\share\interpreter\linkResolver.cpp, line 759]
Event: 2.664 Thread 0x000001bcaebc9e10 Exception <a 'java/lang/NoSuchMethodError'{0x00000000fe60f040}: 'void java.lang.invoke.DirectMethodHandle$Holder.invokeSpecial(java.lang.Object, java.lang.Object, java.lang.Object)'> (0x00000000fe60f040) 
thrown [s\src\hotspot\share\interpreter\linkResolver.cpp, line 759]
Event: 2.673 Thread 0x000001bcaebc9e10 Implicit null exception at 0x000001bcbe25570f to 0x000001bcbe255c50
Event: 3.238 Thread 0x000001bcaebc9e10 Exception <a 'java/lang/NoSuchMethodError'{0x00000000fe42ba88}: 'void java.lang.invoke.DirectMethodHandle$Holder.invokeStatic(java.lang.Object, java.lang.Object, java.lang.Object)'> (0x00000000fe42ba88) 
thrown [s\src\hotspot\share\interpreter\linkResolver.cpp, line 759]
Event: 3.559 Thread 0x000001bcaebc9e10 Exception <a 'java/lang/NoSuchMethodError'{0x00000000fff14100}: 'java.lang.Object java.lang.invoke.DirectMethodHandle$Holder.invokeStaticInit(java.lang.Object, int, int, int, int)'> (0x00000000fff14100) 
thrown [s\src\hotspot\share\interpreter\linkResolver.cpp, line 759]
Event: 3.706 Thread 0x000001bcaebc9e10 Exception <a 'java/lang/NoSuchMethodError'{0x00000000fffd1920}: 'java.lang.Object java.lang.invoke.DirectMethodHandle$Holder.invokeStaticInit(java.lang.Object, java.lang.Object, int, int, int, int)'> (0x00000000fffd1920) 
thrown [s\src\hotspot\share\interpreter\linkResolver.cpp, line 759]
Event: 3.784 Thread 0x000001bcaebc9e10 Implicit null exception at 0x000001bcbe25e5f2 to 0x000001bcbe25ebc0
Event: 3.790 Thread 0x000001bcaebc9e10 Implicit null exception at 0x000001bcbe25d9f2 to 0x000001bcbe25dfd0

VM Operations (20 events):
Event: 122.262 Executing VM operation: Cleanup
Event: 122.262 Executing VM operation: Cleanup done
Event: 135.364 Executing VM operation: Cleanup
Event: 135.366 Executing VM operation: Cleanup done
Event: 140.423 Executing VM operation: Cleanup
Event: 140.423 Executing VM operation: Cleanup done
Event: 156.577 Executing VM operation: Cleanup
Event: 156.596 Executing VM operation: Cleanup done
Event: 171.756 Executing VM operation: Cleanup
Event: 171.776 Executing VM operation: Cleanup done
Event: 224.327 Executing VM operation: Cleanup
Event: 224.343 Executing VM operation: Cleanup done
Event: 233.438 Executing VM operation: Cleanup
Event: 233.456 Executing VM operation: Cleanup done
Event: 257.664 Executing VM operation: Cleanup
Event: 257.738 Executing VM operation: Cleanup done
Event: 277.965 Executing VM operation: Cleanup
Event: 277.978 Executing VM operation: Cleanup done
Event: 278.991 Executing VM operation: Cleanup
Event: 278.991 Executing VM operation: Cleanup done

Memory protections (0 events):
No events

Nmethod flushes (0 events):
No events

Events (13 events):
Event: 0.099 Thread 0x000001bcaebc9e10 Thread added: 0x000001bcaebc9e10
Event: 0.112 Thread 0x000001bcaebc9e10 Thread added: 0x000001bcc862dda0
Event: 0.113 Thread 0x000001bcaebc9e10 Thread added: 0x000001bcc862f4d0
Event: 0.148 Thread 0x000001bcaebc9e10 Thread added: 0x000001bcc8648d70
Event: 0.148 Thread 0x000001bcaebc9e10 Thread added: 0x000001bcc864b740
Event: 0.148 Thread 0x000001bcaebc9e10 Thread added: 0x000001bcc864c100
Event: 0.148 Thread 0x000001bcaebc9e10 Thread added: 0x000001bcc864cac0
Event: 0.148 Thread 0x000001bcaebc9e10 Thread added: 0x000001bcc864f330
Event: 0.148 Thread 0x000001bcaebc9e10 Thread added: 0x000001bcc865bd60
Event: 0.148 Thread 0x000001bcaebc9e10 Thread added: 0x000001bcc86616a0
Event: 0.184 Thread 0x000001bcaebc9e10 Thread added: 0x000001bcc87cea70
Event: 0.189 Thread 0x000001bcaebc9e10 Thread added: 0x000001bcc87f3130
Event: 2.480 Thread 0x000001bcaebc9e10 Thread added: 0x000001bd0e342120


Dynamic libraries:
0x00007ff7e9fa0000 - 0x00007ff7e9fae000 	C:\Program Files\Microsoft\jdk-17.0.17.10-hotspot\bin\java.exe
0x00007fff207a0000 - 0x00007fff20a07000 	C:\WINDOWS\SYSTEM32\ntdll.dll
0x00007fff1f430000 - 0x00007fff1f4f9000 	C:\WINDOWS\System32\KERNEL32.DLL
0x00007fff1e0b0000 - 0x00007fff1e4a1000 	C:\WINDOWS\System32\KERNELBASE.dll
0x00007fff1d1f0000 - 0x00007fff1d33b000 	C:\WINDOWS\System32\ucrtbase.dll
0x00007ffe55ee0000 - 0x00007ffe55efe000 	C:\Program Files\Microsoft\jdk-17.0.17.10-hotspot\bin\VCRUNTIME140.dll
0x00007ffe4b710000 - 0x00007ffe4b728000 	C:\Program Files\Microsoft\jdk-17.0.17.10-hotspot\bin\jli.dll
0x00007fff1f500000 - 0x00007fff1f6c5000 	C:\WINDOWS\System32\USER32.dll
0x00007ffef9250000 - 0x00007ffef94e3000 	C:\WINDOWS\WinSxS\amd64_microsoft.windows.common-controls_6595b64144ccf1df_6.0.26100.8037_none_3e092faae333b53b\COMCTL32.dll
0x00007fff1d340000 - 0x00007fff1d367000 	C:\WINDOWS\System32\win32u.dll
0x00007fff20180000 - 0x00007fff201ab000 	C:\WINDOWS\System32\GDI32.dll
0x00007fff1fd20000 - 0x00007fff1fdc9000 	C:\WINDOWS\System32\msvcrt.dll
0x00007fff1d370000 - 0x00007fff1d49b000 	C:\WINDOWS\System32\gdi32full.dll
0x00007fff1d610000 - 0x00007fff1d6b3000 	C:\WINDOWS\System32\msvcp_win.dll
0x00007fff20080000 - 0x00007fff200b1000 	C:\WINDOWS\System32\IMM32.DLL
0x00007ffe9caa0000 - 0x00007ffe9caac000 	C:\Program Files\Microsoft\jdk-17.0.17.10-hotspot\bin\vcruntime140_1.dll
0x00007ffe36f50000 - 0x00007ffe36fd9000 	C:\Program Files\Microsoft\jdk-17.0.17.10-hotspot\bin\msvcp140.dll
0x00007ffe26480000 - 0x00007ffe270fa000 	C:\Program Files\Microsoft\jdk-17.0.17.10-hotspot\bin\server\jvm.dll
0x00007fff200c0000 - 0x00007fff2017b000 	C:\WINDOWS\System32\ADVAPI32.dll
0x00007fff1ed70000 - 0x00007fff1ee17000 	C:\WINDOWS\System32\sechost.dll
0x00007fff1f020000 - 0x00007fff1f138000 	C:\WINDOWS\System32\RPCRT4.dll
0x00007fff1f3b0000 - 0x00007fff1f424000 	C:\WINDOWS\System32\WS2_32.dll
0x00007fff1cee0000 - 0x00007fff1cf3e000 	C:\WINDOWS\SYSTEM32\POWRPROF.dll
0x00007fff17490000 - 0x00007fff174c5000 	C:\WINDOWS\SYSTEM32\WINMM.dll
0x00007fff174d0000 - 0x00007fff174db000 	C:\WINDOWS\SYSTEM32\VERSION.dll
0x00007fff1cec0000 - 0x00007fff1ced4000 	C:\WINDOWS\SYSTEM32\UMPDC.dll
0x00007fff1be10000 - 0x00007fff1be2b000 	C:\WINDOWS\SYSTEM32\kernel.appcore.dll
0x00007ffe9c950000 - 0x00007ffe9c95a000 	C:\Program Files\Microsoft\jdk-17.0.17.10-hotspot\bin\jimage.dll
0x00007fff0c2b0000 - 0x00007fff0c4f2000 	C:\WINDOWS\SYSTEM32\DBGHELP.DLL
0x00007fff201b0000 - 0x00007fff20532000 	C:\WINDOWS\System32\combase.dll
0x00007fff1f2a0000 - 0x00007fff1f377000 	C:\WINDOWS\System32\OLEAUT32.dll
0x00007ffef4cf0000 - 0x00007ffef4d2b000 	C:\WINDOWS\SYSTEM32\dbgcore.DLL
0x00007fff1d560000 - 0x00007fff1d605000 	C:\WINDOWS\System32\bcryptPrimitives.dll
0x00007ffe401d0000 - 0x00007ffe401f6000 	C:\Program Files\Microsoft\jdk-17.0.17.10-hotspot\bin\java.dll
0x00007ffe36e70000 - 0x00007ffe36f46000 	C:\Program Files\Microsoft\jdk-17.0.17.10-hotspot\bin\jsvml.dll
0x00007fff1e600000 - 0x00007fff1ed5f000 	C:\WINDOWS\System32\SHELL32.dll
0x00007fff1d080000 - 0x00007fff1d1ea000 	C:\WINDOWS\System32\wintypes.dll
0x00007fff1d840000 - 0x00007fff1e0a4000 	C:\WINDOWS\System32\windows.storage.dll
0x00007fff1ee20000 - 0x00007fff1ef17000 	C:\WINDOWS\System32\SHCORE.dll
0x00007fff1e590000 - 0x00007fff1e5f7000 	C:\WINDOWS\System32\shlwapi.dll
0x00007fff1cfa0000 - 0x00007fff1cfc9000 	C:\WINDOWS\SYSTEM32\profapi.dll
0x00007ffe4b6f0000 - 0x00007ffe4b70b000 	C:\Program Files\Microsoft\jdk-17.0.17.10-hotspot\bin\net.dll
0x00007fff18040000 - 0x00007fff18167000 	C:\WINDOWS\SYSTEM32\WINHTTP.dll
0x00007fff1c380000 - 0x00007fff1c3eb000 	C:\WINDOWS\system32\mswsock.dll
0x00007ffe378a0000 - 0x00007ffe378b6000 	C:\Program Files\Microsoft\jdk-17.0.17.10-hotspot\bin\nio.dll
0x00007ffe36e50000 - 0x00007ffe36e68000 	C:\Program Files\Microsoft\jdk-17.0.17.10-hotspot\bin\zip.dll
0x00007ffe9c790000 - 0x00007ffe9c79a000 	C:\Program Files\Microsoft\jdk-17.0.17.10-hotspot\bin\management.dll
0x00007ffe98ff0000 - 0x00007ffe98ffc000 	C:\Program Files\Microsoft\jdk-17.0.17.10-hotspot\bin\management_ext.dll
0x00007fff20740000 - 0x00007fff20748000 	C:\WINDOWS\System32\PSAPI.DLL
0x00007ffe960e0000 - 0x00007ffe960f0000 	C:\Program Files\Microsoft\jdk-17.0.17.10-hotspot\bin\verify.dll
0x00007ffe36e20000 - 0x00007ffe36e47000 	C:\Users\mark072205\.gradle\native\1def1411415f61bf3af743bc5b6707747c0891f09f0c88961ee8f79bc544acac\windows-amd64\native-platform.dll
0x00007fff00410000 - 0x00007fff0041a000 	C:\Users\mark072205\.gradle\native\jansi\1.18\windows64\jansi.dll
0x00007fff1b850000 - 0x00007fff1b883000 	C:\WINDOWS\SYSTEM32\IPHLPAPI.DLL
0x00007fff1f6d0000 - 0x00007fff1f6da000 	C:\WINDOWS\System32\NSI.dll
0x00007fff18320000 - 0x00007fff1833d000 	C:\WINDOWS\SYSTEM32\dhcpcsvc6.DLL
0x00007fff182d0000 - 0x00007fff182f3000 	C:\WINDOWS\SYSTEM32\dhcpcsvc.DLL
0x00007fff1b890000 - 0x00007fff1b9ba000 	C:\WINDOWS\SYSTEM32\DNSAPI.dll
0x00007fff098b0000 - 0x00007fff098b9000 	C:\Program Files\Microsoft\jdk-17.0.17.10-hotspot\bin\extnet.dll
0x00007fff1c660000 - 0x00007fff1c67b000 	C:\WINDOWS\SYSTEM32\CRYPTSP.dll
0x00007fff1bd70000 - 0x00007fff1bda9000 	C:\WINDOWS\system32\rsaenh.dll
0x00007fff1c430000 - 0x00007fff1c462000 	C:\WINDOWS\SYSTEM32\USERENV.dll
0x00007fff1cf70000 - 0x00007fff1cf9a000 	C:\WINDOWS\SYSTEM32\bcrypt.dll
0x00007fff1c680000 - 0x00007fff1c68c000 	C:\WINDOWS\SYSTEM32\CRYPTBASE.dll
0x00007ffe934d0000 - 0x00007ffe934de000 	C:\Program Files\Microsoft\jdk-17.0.17.10-hotspot\bin\sunmscapi.dll
0x00007fff1d6c0000 - 0x00007fff1d837000 	C:\WINDOWS\System32\CRYPT32.dll
0x00007fff1c880000 - 0x00007fff1c8b0000 	C:\WINDOWS\SYSTEM32\ncrypt.dll
0x00007fff1c830000 - 0x00007fff1c86f000 	C:\WINDOWS\SYSTEM32\NTASN1.dll
0x00007ffe9fbd0000 - 0x00007ffe9fbd8000 	C:\WINDOWS\system32\wshunix.dll

dbghelp: loaded successfully - version: 4.0.5 - missing functions: none
symbol engine: initialized successfully - sym options: 0x614 - pdb path: .;C:\Program Files\Microsoft\jdk-17.0.17.10-hotspot\bin;C:\WINDOWS\SYSTEM32;C:\WINDOWS\WinSxS\amd64_microsoft.windows.common-controls_6595b64144ccf1df_6.0.26100.8037_none_3e092faae333b53b;C:\Program Files\Microsoft\jdk-17.0.17.10-hotspot\bin\server;C:\Users\mark072205\.gradle\native\1def1411415f61bf3af743bc5b6707747c0891f09f0c88961ee8f79bc544acac\windows-amd64;C:\Users\mark072205\.gradle\native\jansi\1.18\windows64

VM Arguments:
jvm_args: -Xmx64m -Xms64m -Dorg.gradle.appname=gradlew 
java_command: C:\App_Development\Sendiong\android\\gradle\wrapper\gradle-wrapper.jar app:installDebug -PreactNativeDevServerPort=8081
java_class_path (initial): C:\App_Development\Sendiong\android\\gradle\wrapper\gradle-wrapper.jar
Launcher Type: SUN_STANDARD

[Global flags]
     intx CICompilerCount                          = 4                                         {product} {ergonomic}
     uint ConcGCThreads                            = 2                                         {product} {ergonomic}
     uint G1ConcRefinementThreads                  = 8                                         {product} {ergonomic}
   size_t G1HeapRegionSize                         = 1048576                                   {product} {ergonomic}
    uintx GCDrainStackTargetSize                   = 64                                        {product} {ergonomic}
   size_t InitialHeapSize                          = 67108864                                  {product} {command line}
   size_t MarkStackSize                            = 4194304                                   {product} {ergonomic}
   size_t MaxHeapSize                              = 67108864                                  {product} {command line}
   size_t MaxNewSize                               = 39845888                                  {product} {ergonomic}
   size_t MinHeapDeltaBytes                        = 1048576                                   {product} {ergonomic}
   size_t MinHeapSize                              = 67108864                                  {product} {command line}
    uintx NonNMethodCodeHeapSize                   = 5839372                                {pd product} {ergonomic}
    uintx NonProfiledCodeHeapSize                  = 122909434                              {pd product} {ergonomic}
    uintx ProfiledCodeHeapSize                     = 122909434                              {pd product} {ergonomic}
    uintx ReservedCodeCacheSize                    = 251658240                              {pd product} {ergonomic}
     bool SegmentedCodeCache                       = true                                      {product} {ergonomic}
   size_t SoftMaxHeapSize                          = 67108864                               {manageable} {ergonomic}
     bool UseCompressedClassPointers               = true                           {product lp64_product} {ergonomic}
     bool UseCompressedOops                        = true                           {product lp64_product} {ergonomic}
     bool UseG1GC                                  = true                                      {product} {ergonomic}
     bool UseLargePagesIndividualAllocation        = false                                  {pd product} {ergonomic}

Logging:
Log output configuration:
 #0: stdout all=warning uptime,level,tags
 #1: stderr all=off uptime,level,tags

Environment Variables:
JAVA_HOME=C:\Program Files\Microsoft\jdk-17.0.17.10-hotspot\
PATH=C:\App_Development\Sendiong\node_modules\.bin;C:\App_Development\Sendiong\node_modules\.bin;C:\App_Development\node_modules\.bin;C:\node_modules\.bin;C:\Program Files\nodejs\node_modules\npm\node_modules\@npmcli\run-script\lib\node-gyp-bin;C:\Program Files\PowerShell\7;C:\Program Files (x86)\oh-my-posh\bin\;C:\Program Files\Microsoft\jdk-17.0.17.10-hotspot\bin;C:\Program Files (x86)\Common Files\Intel\Shared Libraries\redist\intel64\compiler;C:\Program Files\Common Files\Oracle\Java\javapath;C:\Program Files (x86)\Common Files\Oracle\Java\java8path;C:\Program Files (x86)\Common Files\Oracle\Java\javapath;C:\Program Files\Python311\Scripts\;C:\Program Files\Python311\;C:\WINDOWS\system32;C:\WINDOWS;C:\WINDOWS\System32\Wbem;C:\WINDOWS\System32\WindowsPowerShell\v1.0\;C:\WINDOWS\System32\OpenSSH\;C:\Program Files\dotnet\;C:\ProgramData\ComposerSetup\bin;C:\Program Files\cursor\resources\app\bin;C:\ProgramData\chocolatey\bin;C:\Program Files\nodejs\;%LOCALAPPDATA%\Android\Sdk\platform-tools;C:\OpenSSL-Win64;C:\Program Files\Git\cmd;C:\Program Files\PowerShell\7\;C:\Program Files\Docker\Docker\resources\bin;C:\xampp\php;C:\Users\mark072205\AppData\Local\Microsoft\WindowsApps;C:\Users\mark072205\AppData\Local\Programs\Microsoft VS Code\bin;C:\Users\mark072205\AppData\Local\Android\Sdk\platform-tools;
USERNAME=mark072205
OS=Windows_NT
PROCESSOR_IDENTIFIER=AMD64 Family 23 Model 160 Stepping 0, AuthenticAMD
TMP=C:\Users\MARK07~1\AppData\Local\Temp
TEMP=C:\Users\MARK07~1\AppData\Local\Temp



Periodic native trim disabled


---------------  S Y S T E M  ---------------

OS:
 Windows 11 , 64 bit Build 26100 (10.0.26100.7920)
OS uptime: 0 days 2:09 hours
Hyper-V role detected

CPU: total 8 (initial active 8) (8 cores per cpu, 2 threads per core) family 23 model 160 stepping 0 microcode 0x8a00006, cx8, cmov, fxsr, ht, mmx, 3dnowpref, sse, sse2, sse3, ssse3, sse4a, sse4.1, sse4.2, popcnt, lzcnt, tsc, tscinvbit, avx, avx2, aes, clmul, bmi1, bmi2, adx, sha, fma, vzeroupper, clflush, clflushopt, hv
Processor Information for the first 8 processors :
  Max Mhz: 2801, Current Mhz: 2801, Mhz Limit: 2801

Memory: 4k page, system-wide physical 7412M (112M free)
TotalPageFile size 29940M (AvailPageFile size 0M)
current process WorkingSet (physical memory assigned to process): 15M, peak: 106M
current process commit charge ("private bytes"): 168M, peak: 169M

vm_info: OpenJDK 64-Bit Server VM (17.0.17+10-LTS) for windows-amd64 JRE (17.0.17+10-LTS), built on Oct 13 2025 22:19:56 by "MicrosoftCorporation" with unknown MS VC++:1944

END.
