#
# There is insufficient memory for the Java Runtime Environment to continue.
# Native memory allocation (malloc) failed to allocate 1489616 bytes. Error detail: Chunk::new
# Possible reasons:
#   The system is out of physical RAM or swap space
#   This process is running with CompressedOops enabled, and the Java Heap may be blocking the growth of the native heap
# Possible solutions:
#   Reduce memory load on the system
#   Increase physical memory or swap space
#   Check if swap backing store is full
#   Decrease Java heap size (-Xmx/-Xms)
#   Decrease number of Java threads
#   Decrease Java thread stack sizes (-Xss)
#   Set larger code cache with -XX:ReservedCodeCacheSize=
#   JVM is running with Unscaled Compressed Oops mode in which the Java heap is
#     placed in the first 4GB address space. The Java Heap base address is the
#     maximum limit for the native heap growth. Please use -XX:HeapBaseMinAddress
#     to set the Java Heap base and to place the Java Heap above 4GB virtual address.
# This output file may be truncated or incomplete.
#
#  Out of Memory Error (arena.cpp:191), pid=8432, tid=26944
#
# JRE version: OpenJDK Runtime Environment Microsoft-12574423 (17.0.17+10) (build 17.0.17+10-LTS)
# Java VM: OpenJDK 64-Bit Server VM Microsoft-12574423 (17.0.17+10-LTS, mixed mode, sharing, tiered, compressed oops, compressed class ptrs, g1 gc, windows-amd64)
# No core dump will be written. Minidumps are not enabled by default on client versions of Windows
#

---------------  S U M M A R Y ------------

Command Line: --add-opens=java.base/java.lang=ALL-UNNAMED --add-opens=java.base/java.lang.invoke=ALL-UNNAMED --add-opens=java.base/java.util=ALL-UNNAMED --add-opens=java.prefs/java.util.prefs=ALL-UNNAMED --add-exports=jdk.compiler/com.sun.tools.javac.api=ALL-UNNAMED --add-exports=jdk.compiler/com.sun.tools.javac.util=ALL-UNNAMED --add-opens=java.base/java.util=ALL-UNNAMED --add-opens=java.prefs/java.util.prefs=ALL-UNNAMED --add-opens=java.base/java.nio.charset=ALL-UNNAMED --add-opens=java.base/java.net=ALL-UNNAMED --add-opens=java.base/java.util.concurrent=ALL-UNNAMED --add-opens=java.base/java.util.concurrent.atomic=ALL-UNNAMED --add-opens=java.xml/javax.xml.namespace=ALL-UNNAMED -XX:MaxMetaspaceSize=512m -Xmx2048m -Dfile.encoding=windows-1252 -Duser.country=PH -Duser.language=en -Duser.variant -javaagent:C:\Users\mark072205\.gradle\wrapper\dists\gradle-9.0.0-bin\d6wjpkvcgsg3oed0qlfss3wgl\gradle-9.0.0\lib\agents\gradle-instrumentation-agent-9.0.0.jar org.gradle.launcher.daemon.bootstrap.GradleDaemon 9.0.0

Host: AMD Ryzen 5 7520U with Radeon Graphics         , 8 cores, 7G,  Windows 11 , 64 bit Build 26100 (10.0.26100.7920)
Time: Tue Mar 24 19:20:58 2026 Malay Peninsula Standard Time elapsed time: 26.708956 seconds (0d 0h 0m 26s)

---------------  T H R E A D  ---------------

Current thread (0x0000022eb968d620):  JavaThread "C2 CompilerThread0" daemon [_thread_in_native, id=26944, stack(0x0000007e07b00000,0x0000007e07c00000)]


Current CompileTask:
C2:26709 3545   !   4       java.lang.ClassLoader::loadClass (121 bytes)

Stack: [0x0000007e07b00000,0x0000007e07c00000]
Native frames: (J=compiled Java code, j=interpreted, Vv=VM code, C=native code)
V  [jvm.dll+0x68c459]  (no source info available)
V  [jvm.dll+0x845e09]  (no source info available)
V  [jvm.dll+0x847b78]  (no source info available)
V  [jvm.dll+0x848203]  (no source info available)
V  [jvm.dll+0x24cf6f]  (no source info available)
V  [jvm.dll+0xaecb6]  (no source info available)
V  [jvm.dll+0xaf35c]  (no source info available)
V  [jvm.dll+0x37152f]  (no source info available)
V  [jvm.dll+0x1c0703]  (no source info available)
V  [jvm.dll+0x21e080]  (no source info available)
V  [jvm.dll+0x21d36d]  (no source info available)
V  [jvm.dll+0x1a8ce6]  (no source info available)
V  [jvm.dll+0x22db1b]  (no source info available)
V  [jvm.dll+0x22bca6]  (no source info available)
V  [jvm.dll+0x7fb65b]  (no source info available)
V  [jvm.dll+0x7f5a5c]  (no source info available)
V  [jvm.dll+0x68d9f7]  (no source info available)
C  [ucrtbase.dll+0x37b0]  (no source info available)
C  [KERNEL32.DLL+0x2e8d7]  (no source info available)
C  [ntdll.dll+0x8c48c]  (no source info available)


---------------  P R O C E S S  ---------------

Threads class SMR info:
_java_thread_list=0x0000022eda7fd730, length=35, elements={
0x0000022e9b1be200, 0x0000022eb9664000, 0x0000022eb9665de0, 0x0000022eb9683a40,
0x0000022eb9684310, 0x0000022eb9685750, 0x0000022eb968b340, 0x0000022eb968d620,
0x0000022eb968f240, 0x0000022eb96cb6c0, 0x0000022eb964eb70, 0x0000022eb9862210,
0x0000022ed9312aa0, 0x0000022eda44b020, 0x0000022eda7ee0f0, 0x0000022ed9cca660,
0x0000022eb9757a90, 0x0000022eb9754650, 0x0000022ed90f56e0, 0x0000022ed90f3d90,
0x0000022ed90f42a0, 0x0000022ed90f4cc0, 0x0000022ed90f51d0, 0x0000022ed90f2950,
0x0000022ed90f2440, 0x0000022ed90f47b0, 0x0000022ed90f3880, 0x0000022ed90f5bf0,
0x0000022ed90f3370, 0x0000022eda8aea20, 0x0000022eda8b21d0, 0x0000022eda8aef30,
0x0000022eda8b2bf0, 0x0000022eda8b17b0, 0x0000022eda8b0880
}

Java Threads: ( => current thread )
  0x0000022e9b1be200 JavaThread "main" [_thread_blocked, id=1404, stack(0x0000007e06e00000,0x0000007e06f00000)]
  0x0000022eb9664000 JavaThread "Reference Handler" daemon [_thread_blocked, id=17756, stack(0x0000007e07500000,0x0000007e07600000)]
  0x0000022eb9665de0 JavaThread "Finalizer" daemon [_thread_blocked, id=12572, stack(0x0000007e07600000,0x0000007e07700000)]
  0x0000022eb9683a40 JavaThread "Signal Dispatcher" daemon [_thread_blocked, id=27240, stack(0x0000007e07700000,0x0000007e07800000)]
  0x0000022eb9684310 JavaThread "Attach Listener" daemon [_thread_blocked, id=25044, stack(0x0000007e07800000,0x0000007e07900000)]
  0x0000022eb9685750 JavaThread "Service Thread" daemon [_thread_blocked, id=22552, stack(0x0000007e07900000,0x0000007e07a00000)]
  0x0000022eb968b340 JavaThread "Monitor Deflation Thread" daemon [_thread_blocked, id=11176, stack(0x0000007e07a00000,0x0000007e07b00000)]
=>0x0000022eb968d620 JavaThread "C2 CompilerThread0" daemon [_thread_in_native, id=26944, stack(0x0000007e07b00000,0x0000007e07c00000)]
  0x0000022eb968f240 JavaThread "C1 CompilerThread0" daemon [_thread_blocked, id=26984, stack(0x0000007e07c00000,0x0000007e07d00000)]
  0x0000022eb96cb6c0 JavaThread "Sweeper thread" daemon [_thread_blocked, id=27456, stack(0x0000007e07d00000,0x0000007e07e00000)]
  0x0000022eb964eb70 JavaThread "Common-Cleaner" daemon [_thread_blocked, id=17900, stack(0x0000007e07e00000,0x0000007e07f00000)]
  0x0000022eb9862210 JavaThread "Notification Thread" daemon [_thread_blocked, id=25008, stack(0x0000007e07f00000,0x0000007e08000000)]
  0x0000022ed9312aa0 JavaThread "Daemon health stats" [_thread_blocked, id=27932, stack(0x0000007e08600000,0x0000007e08700000)]
  0x0000022eda44b020 JavaThread "Incoming local TCP Connector on port 59206" [_thread_in_native, id=28128, stack(0x0000007e08700000,0x0000007e08800000)]
  0x0000022eda7ee0f0 JavaThread "Daemon periodic checks" [_thread_blocked, id=28144, stack(0x0000007e08800000,0x0000007e08900000)]
  0x0000022ed9cca660 JavaThread "Daemon" [_thread_blocked, id=28192, stack(0x0000007e08900000,0x0000007e08a00000)]
  0x0000022eb9757a90 JavaThread "Handler for socket connection from /127.0.0.1:59206 to /127.0.0.1:59207" [_thread_in_native, id=28196, stack(0x0000007e08a00000,0x0000007e08b00000)]
  0x0000022eb9754650 JavaThread "Cancel handler" [_thread_blocked, id=28200, stack(0x0000007e08b00000,0x0000007e08c00000)]
  0x0000022ed90f56e0 JavaThread "Daemon worker" [_thread_in_Java, id=28204, stack(0x0000007e08c00000,0x0000007e08d00000)]
  0x0000022ed90f3d90 JavaThread "Asynchronous log dispatcher for DefaultDaemonConnection: socket connection from /127.0.0.1:59206 to /127.0.0.1:59207" [_thread_blocked, id=28208, stack(0x0000007e08d00000,0x0000007e08e00000)]
  0x0000022ed90f42a0 JavaThread "Stdin handler" [_thread_blocked, id=28212, stack(0x0000007e08e00000,0x0000007e08f00000)]
  0x0000022ed90f4cc0 JavaThread "Daemon client event forwarder" [_thread_blocked, id=28216, stack(0x0000007e08f00000,0x0000007e09000000)]
  0x0000022ed90f51d0 JavaThread "Cache worker for journal cache (C:\Users\mark072205\.gradle\caches\journal-1)" [_thread_blocked, id=28288, stack(0x0000007e09000000,0x0000007e09100000)]
  0x0000022ed90f2950 JavaThread "File lock request listener" [_thread_in_native, id=28292, stack(0x0000007e09100000,0x0000007e09200000)]
  0x0000022ed90f2440 JavaThread "Cache worker for file hash cache (C:\Users\mark072205\.gradle\caches\9.0.0\fileHashes)" [_thread_blocked, id=28300, stack(0x0000007e09200000,0x0000007e09300000)]
  0x0000022ed90f47b0 JavaThread "Cache worker for file hash cache (C:\App_Development\Sendiong\android\.gradle\9.0.0\fileHashes)" [_thread_blocked, id=28596, stack(0x0000007e09700000,0x0000007e09800000)]
  0x0000022ed90f3880 JavaThread "Cache worker for Build Output Cleanup Cache (C:\App_Development\Sendiong\android\.gradle\buildOutputCleanup)" [_thread_blocked, id=28600, stack(0x0000007e09800000,0x0000007e09900000)]
  0x0000022ed90f5bf0 JavaThread "File watcher server" daemon [_thread_in_native, id=4992, stack(0x0000007e09900000,0x0000007e09a00000)]
  0x0000022ed90f3370 JavaThread "File watcher consumer" daemon [_thread_blocked, id=27756, stack(0x0000007e09a00000,0x0000007e09b00000)]
  0x0000022eda8aea20 JavaThread "Cache worker for checksums cache (C:\App_Development\Sendiong\android\.gradle\9.0.0\checksums)" [_thread_blocked, id=23960, stack(0x0000007e09b00000,0x0000007e09c00000)]
  0x0000022eda8b21d0 JavaThread "Cache worker for file content cache (C:\Users\mark072205\.gradle\caches\9.0.0\fileContent)" [_thread_blocked, id=10228, stack(0x0000007e09c00000,0x0000007e09d00000)]
  0x0000022eda8aef30 JavaThread "Cache worker for cache directory md-supplier (C:\Users\mark072205\.gradle\caches\9.0.0\md-supplier)" [_thread_blocked, id=27800, stack(0x0000007e09d00000,0x0000007e09e00000)]
  0x0000022eda8b2bf0 JavaThread "Cache worker for cache directory md-rule (C:\Users\mark072205\.gradle\caches\9.0.0\md-rule)" [_thread_blocked, id=21004, stack(0x0000007e09e00000,0x0000007e09f00000)]
  0x0000022eda8b17b0 JavaThread "jar transforms" [_thread_blocked, id=1736, stack(0x0000007e09f00000,0x0000007e0a000000)]
  0x0000022eda8b0880 JavaThread "jar transforms Thread 2" [_thread_blocked, id=27908, stack(0x0000007e0a000000,0x0000007e0a100000)]

Other Threads:
  0x0000022eb965ecf0 VMThread "VM Thread" [stack: 0x0000007e07400000,0x0000007e07500000] [id=13080]
  0x0000022e9b1c03a0 WatcherThread [stack: 0x0000007e08000000,0x0000007e08100000] [id=4140]
  0x0000022e9b21e060 GCTaskThread "GC Thread#0" [stack: 0x0000007e06f00000,0x0000007e07000000] [id=15968]
  0x0000022ed90da170 GCTaskThread "GC Thread#1" [stack: 0x0000007e08100000,0x0000007e08200000] [id=27676]
  0x0000022eb998eeb0 GCTaskThread "GC Thread#2" [stack: 0x0000007e08200000,0x0000007e08300000] [id=27680]
  0x0000022ed974aa00 GCTaskThread "GC Thread#3" [stack: 0x0000007e08300000,0x0000007e08400000] [id=27812]
  0x0000022ed974acd0 GCTaskThread "GC Thread#4" [stack: 0x0000007e08400000,0x0000007e08500000] [id=27816]
  0x0000022ed974a730 GCTaskThread "GC Thread#5" [stack: 0x0000007e09300000,0x0000007e09400000] [id=28308]
  0x0000022ed974bae0 GCTaskThread "GC Thread#6" [stack: 0x0000007e09400000,0x0000007e09500000] [id=28312]
  0x0000022ed974b810 GCTaskThread "GC Thread#7" [stack: 0x0000007e09500000,0x0000007e09600000] [id=28316]
  0x0000022e9b22eed0 ConcurrentGCThread "G1 Main Marker" [stack: 0x0000007e07000000,0x0000007e07100000] [id=22820]
  0x0000022e9b22f800 ConcurrentGCThread "G1 Conc#0" [stack: 0x0000007e07100000,0x0000007e07200000] [id=23616]
  0x0000022ed974b270 ConcurrentGCThread "G1 Conc#1" [stack: 0x0000007e09600000,0x0000007e09700000] [id=28572]
  0x0000022e9b26e0d0 ConcurrentGCThread "G1 Refine#0" [stack: 0x0000007e07200000,0x0000007e07300000] [id=22376]
  0x0000022ed9a4fc90 ConcurrentGCThread "G1 Refine#1" [stack: 0x0000007e08500000,0x0000007e08600000] [id=27820]
  0x0000022e9b26e8c0 ConcurrentGCThread "G1 Service" [stack: 0x0000007e07300000,0x0000007e07400000] [id=6960]

Threads with active compile tasks:
C2 CompilerThread0  26759 3545   !   4       java.lang.ClassLoader::loadClass (121 bytes)

VM state: not at safepoint (normal execution)

VM Mutex/Monitor currently owned by a thread: None

Heap address: 0x0000000080000000, size: 2048 MB, Compressed Oops mode: 32-bit

CDS archive(s) mapped at: [0x0000022eba000000-0x0000022ebabb0000-0x0000022ebabb0000), size 12255232, SharedBaseAddress: 0x0000022eba000000, ArchiveRelocationMode: 1.
Compressed class space mapped at: 0x0000022ebb000000-0x0000022ed5000000, reserved size: 436207616
Narrow klass base: 0x0000022eba000000, Narrow klass shift: 0, Narrow klass range: 0x100000000

GC Precious Log:
 CPUs: 8 total, 8 available
 Memory: 7412M
 Large Page Support: Disabled
 NUMA Support: Disabled
 Compressed Oops: Enabled (32-bit)
 Heap Region Size: 1M
 Heap Min Capacity: 8M
 Heap Initial Capacity: 116M
 Heap Max Capacity: 2G
 Pre-touch: Disabled
 Parallel Workers: 8
 Concurrent Workers: 2
 Concurrent Refinement Workers: 8
 Periodic GC: Disabled

Heap:
 garbage-first heap   total 86016K, used 58157K [0x0000000080000000, 0x0000000100000000)
  region size 1024K, 39 young (39936K), 5 survivors (5120K)
 Metaspace       used 31627K, committed 32000K, reserved 491520K
  class space    used 4444K, committed 4608K, reserved 425984K

Heap Regions: E=young(eden), S=young(survivor), O=old, HS=humongous(starts), HC=humongous(continues), CS=collection set, F=free, OA=open archive, CA=closed archive, TAMS=top-at-mark-start (previous, next)
|   0|0x0000000080000000, 0x0000000080100000, 0x0000000080100000|100%|HS|  |TAMS 0x0000000080100000, 0x0000000080000000| Complete 
|   1|0x0000000080100000, 0x0000000080200000, 0x0000000080200000|100%|HC|  |TAMS 0x0000000080200000, 0x0000000080100000| Complete 
|   2|0x0000000080200000, 0x0000000080300000, 0x0000000080300000|100%|HC|  |TAMS 0x0000000080300000, 0x0000000080200000| Complete 
|   3|0x0000000080300000, 0x0000000080400000, 0x0000000080400000|100%| O|  |TAMS 0x0000000080400000, 0x0000000080300000| Untracked 
|   4|0x0000000080400000, 0x0000000080500000, 0x0000000080500000|100%| O|  |TAMS 0x0000000080500000, 0x0000000080400000| Untracked 
|   5|0x0000000080500000, 0x0000000080600000, 0x0000000080600000|100%| O|  |TAMS 0x0000000080600000, 0x0000000080500000| Untracked 
|   6|0x0000000080600000, 0x0000000080700000, 0x0000000080700000|100%|HS|  |TAMS 0x0000000080700000, 0x0000000080600000| Complete 
|   7|0x0000000080700000, 0x0000000080700000, 0x0000000080800000|  0%| F|  |TAMS 0x0000000080700000, 0x0000000080700000| Untracked 
|   8|0x0000000080800000, 0x0000000080900000, 0x0000000080900000|100%| O|  |TAMS 0x0000000080900000, 0x0000000080800000| Untracked 
|   9|0x0000000080900000, 0x0000000080a00000, 0x0000000080a00000|100%| O|  |TAMS 0x0000000080a00000, 0x0000000080900000| Untracked 
|  10|0x0000000080a00000, 0x0000000080b00000, 0x0000000080b00000|100%| O|  |TAMS 0x0000000080b00000, 0x0000000080a00000| Untracked 
|  11|0x0000000080b00000, 0x0000000080c00000, 0x0000000080c00000|100%| O|  |TAMS 0x0000000080c00000, 0x0000000080b00000| Untracked 
|  12|0x0000000080c00000, 0x0000000080d00000, 0x0000000080d00000|100%| O|  |TAMS 0x0000000080c7a600, 0x0000000080c00000| Untracked 
|  13|0x0000000080d00000, 0x0000000080d00000, 0x0000000080e00000|  0%| F|  |TAMS 0x0000000080d00000, 0x0000000080d00000| Untracked 
|  14|0x0000000080e00000, 0x0000000080f00000, 0x0000000080f00000|100%| O|  |TAMS 0x0000000080e00000, 0x0000000080e00000| Untracked 
|  15|0x0000000080f00000, 0x0000000081000000, 0x0000000081000000|100%| O|  |TAMS 0x0000000080f00000, 0x0000000080f00000| Untracked 
|  16|0x0000000081000000, 0x0000000081100000, 0x0000000081100000|100%| O|  |TAMS 0x0000000081000000, 0x0000000081000000| Untracked 
|  17|0x0000000081100000, 0x0000000081200000, 0x0000000081200000|100%| O|  |TAMS 0x0000000081100000, 0x0000000081100000| Untracked 
|  18|0x0000000081200000, 0x0000000081300000, 0x0000000081300000|100%| O|  |TAMS 0x0000000081200000, 0x0000000081200000| Untracked 
|  19|0x0000000081300000, 0x0000000081400000, 0x0000000081400000|100%| O|  |TAMS 0x0000000081300000, 0x0000000081300000| Untracked 
|  20|0x0000000081400000, 0x0000000081500000, 0x0000000081500000|100%| O|  |TAMS 0x0000000081400000, 0x0000000081400000| Untracked 
|  21|0x0000000081500000, 0x0000000081600000, 0x0000000081600000|100%| O|  |TAMS 0x0000000081500000, 0x0000000081500000| Untracked 
|  22|0x0000000081600000, 0x0000000081617600, 0x0000000081700000|  9%| O|  |TAMS 0x0000000081600000, 0x0000000081600000| Untracked 
|  23|0x0000000081700000, 0x0000000081700000, 0x0000000081800000|  0%| F|  |TAMS 0x0000000081700000, 0x0000000081700000| Untracked 
|  24|0x0000000081800000, 0x0000000081800000, 0x0000000081900000|  0%| F|  |TAMS 0x0000000081800000, 0x0000000081800000| Untracked 
|  25|0x0000000081900000, 0x0000000081900000, 0x0000000081a00000|  0%| F|  |TAMS 0x0000000081900000, 0x0000000081900000| Untracked 
|  26|0x0000000081a00000, 0x0000000081a00000, 0x0000000081b00000|  0%| F|  |TAMS 0x0000000081a00000, 0x0000000081a00000| Untracked 
|  27|0x0000000081b00000, 0x0000000081b00000, 0x0000000081c00000|  0%| F|  |TAMS 0x0000000081b00000, 0x0000000081b00000| Untracked 
|  28|0x0000000081c00000, 0x0000000081c00000, 0x0000000081d00000|  0%| F|  |TAMS 0x0000000081c00000, 0x0000000081c00000| Untracked 
|  29|0x0000000081d00000, 0x0000000081db3f18, 0x0000000081e00000| 70%| S|CS|TAMS 0x0000000081d00000, 0x0000000081d00000| Complete 
|  30|0x0000000081e00000, 0x0000000081f00000, 0x0000000081f00000|100%| S|CS|TAMS 0x0000000081e00000, 0x0000000081e00000| Complete 
|  31|0x0000000081f00000, 0x0000000082000000, 0x0000000082000000|100%| S|CS|TAMS 0x0000000081f00000, 0x0000000081f00000| Complete 
|  32|0x0000000082000000, 0x0000000082100000, 0x0000000082100000|100%| S|CS|TAMS 0x0000000082000000, 0x0000000082000000| Complete 
|  33|0x0000000082100000, 0x0000000082200000, 0x0000000082200000|100%| S|CS|TAMS 0x0000000082100000, 0x0000000082100000| Complete 
|  34|0x0000000082200000, 0x0000000082200000, 0x0000000082300000|  0%| F|  |TAMS 0x0000000082200000, 0x0000000082200000| Untracked 
|  35|0x0000000082300000, 0x0000000082300000, 0x0000000082400000|  0%| F|  |TAMS 0x0000000082300000, 0x0000000082300000| Untracked 
|  36|0x0000000082400000, 0x0000000082400000, 0x0000000082500000|  0%| F|  |TAMS 0x0000000082400000, 0x0000000082400000| Untracked 
|  37|0x0000000082500000, 0x0000000082500000, 0x0000000082600000|  0%| F|  |TAMS 0x0000000082500000, 0x0000000082500000| Untracked 
|  38|0x0000000082600000, 0x0000000082600000, 0x0000000082700000|  0%| F|  |TAMS 0x0000000082600000, 0x0000000082600000| Untracked 
|  39|0x0000000082700000, 0x0000000082700000, 0x0000000082800000|  0%| F|  |TAMS 0x0000000082700000, 0x0000000082700000| Untracked 
|  40|0x0000000082800000, 0x0000000082800000, 0x0000000082900000|  0%| F|  |TAMS 0x0000000082800000, 0x0000000082800000| Untracked 
|  41|0x0000000082900000, 0x0000000082900000, 0x0000000082a00000|  0%| F|  |TAMS 0x0000000082900000, 0x0000000082900000| Untracked 
|  42|0x0000000082a00000, 0x0000000082a00000, 0x0000000082b00000|  0%| F|  |TAMS 0x0000000082a00000, 0x0000000082a00000| Untracked 
|  43|0x0000000082b00000, 0x0000000082b00000, 0x0000000082c00000|  0%| F|  |TAMS 0x0000000082b00000, 0x0000000082b00000| Untracked 
|  44|0x0000000082c00000, 0x0000000082c00000, 0x0000000082d00000|  0%| F|  |TAMS 0x0000000082c00000, 0x0000000082c00000| Untracked 
|  45|0x0000000082d00000, 0x0000000082d00000, 0x0000000082e00000|  0%| F|  |TAMS 0x0000000082d00000, 0x0000000082d00000| Untracked 
|  46|0x0000000082e00000, 0x0000000082e00000, 0x0000000082f00000|  0%| F|  |TAMS 0x0000000082e00000, 0x0000000082e00000| Untracked 
|  47|0x0000000082f00000, 0x0000000082f00000, 0x0000000083000000|  0%| F|  |TAMS 0x0000000082f00000, 0x0000000082f00000| Untracked 
|  48|0x0000000083000000, 0x0000000083000000, 0x0000000083100000|  0%| F|  |TAMS 0x0000000083000000, 0x0000000083000000| Untracked 
|  49|0x0000000083100000, 0x0000000083100000, 0x0000000083200000|  0%| F|  |TAMS 0x0000000083100000, 0x0000000083100000| Untracked 
|  50|0x0000000083200000, 0x00000000832a4eb0, 0x0000000083300000| 64%| E|  |TAMS 0x0000000083200000, 0x0000000083200000| Complete 
|  51|0x0000000083300000, 0x0000000083400000, 0x0000000083400000|100%| E|CS|TAMS 0x0000000083300000, 0x0000000083300000| Complete 
|  52|0x0000000083400000, 0x0000000083500000, 0x0000000083500000|100%| E|CS|TAMS 0x0000000083400000, 0x0000000083400000| Complete 
|  53|0x0000000083500000, 0x0000000083600000, 0x0000000083600000|100%| E|  |TAMS 0x0000000083500000, 0x0000000083500000| Complete 
|  54|0x0000000083600000, 0x0000000083700000, 0x0000000083700000|100%| E|CS|TAMS 0x0000000083600000, 0x0000000083600000| Complete 
|  55|0x0000000083700000, 0x0000000083800000, 0x0000000083800000|100%| E|CS|TAMS 0x0000000083700000, 0x0000000083700000| Complete 
|  56|0x0000000083800000, 0x0000000083900000, 0x0000000083900000|100%| E|CS|TAMS 0x0000000083800000, 0x0000000083800000| Complete 
|  57|0x0000000083900000, 0x0000000083a00000, 0x0000000083a00000|100%| E|CS|TAMS 0x0000000083900000, 0x0000000083900000| Complete 
|  58|0x0000000083a00000, 0x0000000083b00000, 0x0000000083b00000|100%| E|CS|TAMS 0x0000000083a00000, 0x0000000083a00000| Complete 
|  59|0x0000000083b00000, 0x0000000083c00000, 0x0000000083c00000|100%| E|CS|TAMS 0x0000000083b00000, 0x0000000083b00000| Complete 
|  60|0x0000000083c00000, 0x0000000083d00000, 0x0000000083d00000|100%| E|CS|TAMS 0x0000000083c00000, 0x0000000083c00000| Complete 
|  61|0x0000000083d00000, 0x0000000083e00000, 0x0000000083e00000|100%| E|CS|TAMS 0x0000000083d00000, 0x0000000083d00000| Complete 
|  62|0x0000000083e00000, 0x0000000083f00000, 0x0000000083f00000|100%| E|CS|TAMS 0x0000000083e00000, 0x0000000083e00000| Complete 
|  63|0x0000000083f00000, 0x0000000084000000, 0x0000000084000000|100%| E|CS|TAMS 0x0000000083f00000, 0x0000000083f00000| Complete 
|  64|0x0000000084000000, 0x0000000084100000, 0x0000000084100000|100%| E|CS|TAMS 0x0000000084000000, 0x0000000084000000| Complete 
|  65|0x0000000084100000, 0x0000000084200000, 0x0000000084200000|100%| E|CS|TAMS 0x0000000084100000, 0x0000000084100000| Complete 
|  66|0x0000000084200000, 0x0000000084300000, 0x0000000084300000|100%| E|CS|TAMS 0x0000000084200000, 0x0000000084200000| Complete 
|  67|0x0000000084300000, 0x0000000084400000, 0x0000000084400000|100%| E|CS|TAMS 0x0000000084300000, 0x0000000084300000| Complete 
|  68|0x0000000084400000, 0x0000000084500000, 0x0000000084500000|100%| E|CS|TAMS 0x0000000084400000, 0x0000000084400000| Complete 
|  69|0x0000000084500000, 0x0000000084600000, 0x0000000084600000|100%| E|CS|TAMS 0x0000000084500000, 0x0000000084500000| Complete 
|  70|0x0000000084600000, 0x0000000084700000, 0x0000000084700000|100%| E|CS|TAMS 0x0000000084600000, 0x0000000084600000| Complete 
|  71|0x0000000084700000, 0x0000000084800000, 0x0000000084800000|100%| E|CS|TAMS 0x0000000084700000, 0x0000000084700000| Complete 
|  72|0x0000000084800000, 0x0000000084900000, 0x0000000084900000|100%| E|CS|TAMS 0x0000000084800000, 0x0000000084800000| Complete 
|  73|0x0000000084900000, 0x0000000084a00000, 0x0000000084a00000|100%| E|CS|TAMS 0x0000000084900000, 0x0000000084900000| Complete 
|  74|0x0000000084a00000, 0x0000000084b00000, 0x0000000084b00000|100%| E|CS|TAMS 0x0000000084a00000, 0x0000000084a00000| Complete 
|  75|0x0000000084b00000, 0x0000000084c00000, 0x0000000084c00000|100%| E|CS|TAMS 0x0000000084b00000, 0x0000000084b00000| Complete 
|  76|0x0000000084c00000, 0x0000000084d00000, 0x0000000084d00000|100%| E|CS|TAMS 0x0000000084c00000, 0x0000000084c00000| Complete 
|  77|0x0000000084d00000, 0x0000000084e00000, 0x0000000084e00000|100%| E|CS|TAMS 0x0000000084d00000, 0x0000000084d00000| Complete 
|  78|0x0000000084e00000, 0x0000000084f00000, 0x0000000084f00000|100%| E|CS|TAMS 0x0000000084e00000, 0x0000000084e00000| Complete 
|  79|0x0000000084f00000, 0x0000000085000000, 0x0000000085000000|100%| E|CS|TAMS 0x0000000084f00000, 0x0000000084f00000| Complete 
|  80|0x0000000085000000, 0x0000000085100000, 0x0000000085100000|100%| E|CS|TAMS 0x0000000085000000, 0x0000000085000000| Complete 
|  81|0x0000000085100000, 0x0000000085200000, 0x0000000085200000|100%| E|CS|TAMS 0x0000000085100000, 0x0000000085100000| Complete 
|  82|0x0000000085200000, 0x0000000085300000, 0x0000000085300000|100%| E|CS|TAMS 0x0000000085200000, 0x0000000085200000| Complete 
| 115|0x0000000087300000, 0x0000000087400000, 0x0000000087400000|100%| E|CS|TAMS 0x0000000087300000, 0x0000000087300000| Complete 

Card table byte_map: [0x0000022eb2460000,0x0000022eb2860000] _byte_map_base: 0x0000022eb2060000

Marking Bits (Prev, Next): (CMBitMap*) 0x0000022e9b21e5e0, (CMBitMap*) 0x0000022e9b21e5a0
 Prev Bits: [0x0000022eb4c60000, 0x0000022eb6c60000)
 Next Bits: [0x0000022eb2c60000, 0x0000022eb4c60000)

Polling page: 0x0000022e98f80000

Metaspace:

Usage:
  Non-class:     26.55 MB used.
      Class:      4.34 MB used.
       Both:     30.89 MB used.

Virtual space:
  Non-class space:       64.00 MB reserved,      26.75 MB ( 42%) committed,  1 nodes.
      Class space:      416.00 MB reserved,       4.50 MB (  1%) committed,  1 nodes.
             Both:      480.00 MB reserved,      31.25 MB (  7%) committed. 

Chunk freelists:
   Non-Class:  4.56 MB
       Class:  11.53 MB
        Both:  16.09 MB

MaxMetaspaceSize: 512.00 MB
CompressedClassSpaceSize: 416.00 MB
Initial GC threshold: 21.00 MB
Current GC threshold: 35.25 MB
CDS: on
MetaspaceReclaimPolicy: balanced
 - commit_granule_bytes: 65536.
 - commit_granule_words: 8192.
 - virtual_space_node_default_size: 8388608.
 - enlarge_chunks_in_place: 1.
 - new_chunks_are_fully_committed: 0.
 - uncommit_free_chunks: 1.
 - use_allocation_guard: 0.
 - handle_deallocations: 1.


Internal statistics:

num_allocs_failed_limit: 3.
num_arena_births: 378.
num_arena_deaths: 0.
num_vsnodes_births: 2.
num_vsnodes_deaths: 0.
num_space_committed: 500.
num_space_uncommitted: 0.
num_chunks_returned_to_freelist: 3.
num_chunks_taken_from_freelist: 1585.
num_chunk_merges: 3.
num_chunk_splits: 1068.
num_chunks_enlarged: 767.
num_inconsistent_stats: 0.

CodeHeap 'non-profiled nmethods': size=120000Kb used=2057Kb max_used=2057Kb free=117942Kb
 bounds [0x0000022eaa800000, 0x0000022eaaa70000, 0x0000022eb1d30000]
CodeHeap 'profiled nmethods': size=120000Kb used=7496Kb max_used=7496Kb free=112503Kb
 bounds [0x0000022ea2d30000, 0x0000022ea3490000, 0x0000022eaa260000]
CodeHeap 'non-nmethods': size=5760Kb used=1592Kb max_used=1592Kb free=4167Kb
 bounds [0x0000022eaa260000, 0x0000022eaa4d0000, 0x0000022eaa800000]
 total_blobs=4225 nmethods=3567 adapters=570
 compilation: enabled
              stopped_count=0, restarted_count=0
 full_count=0

Compilation events (20 events):
Event: 25.509 Thread 0x0000022eb968f240 3564       3       java.lang.PublicMethods$MethodList::length (24 bytes)
Event: 25.509 Thread 0x0000022eb968f240 nmethod 3564 0x0000022ea347cb10 code [0x0000022ea347ccc0, 0x0000022ea347ce78]
Event: 25.513 Thread 0x0000022eb968f240 3565       3       java.lang.PublicMethods::merge (81 bytes)
Event: 25.514 Thread 0x0000022eb968f240 nmethod 3565 0x0000022ea347cf90 code [0x0000022ea347d1e0, 0x0000022ea347dbe8]
Event: 25.514 Thread 0x0000022eb968f240 3567       3       java.lang.PublicMethods$MethodList::merge (192 bytes)
Event: 25.515 Thread 0x0000022eb968f240 nmethod 3567 0x0000022ea347e010 code [0x0000022ea347e280, 0x0000022ea347ed48]
Event: 25.515 Thread 0x0000022eb968f240 3568       3       org.codehaus.groovy.util.LockableObject::<init> (5 bytes)
Event: 25.515 Thread 0x0000022eb968f240 nmethod 3568 0x0000022ea347f110 code [0x0000022ea347f2c0, 0x0000022ea347f4f8]
Event: 25.515 Thread 0x0000022eb968f240 3566       3       java.lang.PublicMethods$Key::<init> (24 bytes)
Event: 25.515 Thread 0x0000022eb968f240 nmethod 3566 0x0000022ea347f610 code [0x0000022ea347f7e0, 0x0000022ea347fb58]
Event: 25.515 Thread 0x0000022eb968f240 3569       3       org.codehaus.groovy.util.LazyReference::<init> (17 bytes)
Event: 25.516 Thread 0x0000022eb968f240 nmethod 3569 0x0000022ea347fd10 code [0x0000022ea347fee0, 0x0000022ea3480238]
Event: 25.523 Thread 0x0000022eb968f240 3570       3       java.lang.Class::getPackageName (81 bytes)
Event: 25.524 Thread 0x0000022eb968f240 nmethod 3570 0x0000022ea3480390 code [0x0000022ea3480620, 0x0000022ea3481088]
Event: 25.545 Thread 0x0000022eb968f240 3572       3       java.util.Spliterators::emptySpliterator (4 bytes)
Event: 25.545 Thread 0x0000022eb968f240 nmethod 3572 0x0000022ea3481490 code [0x0000022ea3481620, 0x0000022ea3481718]
Event: 25.545 Thread 0x0000022eb968f240 3573       3       java.util.Spliterators$EmptySpliterator$OfRef::forEachRemaining (6 bytes)
Event: 25.545 Thread 0x0000022eb968f240 nmethod 3573 0x0000022ea3481790 code [0x0000022ea3481960, 0x0000022ea3481c28]
Event: 25.545 Thread 0x0000022eb968f240 3574       3       java.util.Spliterators$EmptySpliterator::forEachRemaining (6 bytes)
Event: 25.545 Thread 0x0000022eb968f240 nmethod 3574 0x0000022ea3481d90 code [0x0000022ea3481f40, 0x0000022ea34821a8]

GC Heap History (12 events):
Event: 1.430 GC heap before
{Heap before GC invocations=0 (full 0):
 garbage-first heap   total 118784K, used 23552K [0x0000000080000000, 0x0000000100000000)
  region size 1024K, 23 young (23552K), 0 survivors (0K)
 Metaspace       used 1034K, committed 1152K, reserved 491520K
  class space    used 72K, committed 128K, reserved 425984K
}
Event: 1.436 GC heap after
{Heap after GC invocations=1 (full 0):
 garbage-first heap   total 118784K, used 1792K [0x0000000080000000, 0x0000000100000000)
  region size 1024K, 2 young (2048K), 2 survivors (2048K)
 Metaspace       used 1034K, committed 1152K, reserved 491520K
  class space    used 72K, committed 128K, reserved 425984K
}
Event: 5.652 GC heap before
{Heap before GC invocations=1 (full 0):
 garbage-first heap   total 118784K, used 38656K [0x0000000080000000, 0x0000000100000000)
  region size 1024K, 35 young (35840K), 2 survivors (2048K)
 Metaspace       used 4529K, committed 4672K, reserved 491520K
  class space    used 570K, committed 640K, reserved 425984K
}
Event: 5.660 GC heap after
{Heap after GC invocations=2 (full 0):
 garbage-first heap   total 118784K, used 10416K [0x0000000080000000, 0x0000000100000000)
  region size 1024K, 5 young (5120K), 5 survivors (5120K)
 Metaspace       used 4529K, committed 4672K, reserved 491520K
  class space    used 570K, committed 640K, reserved 425984K
}
Event: 7.128 GC heap before
{Heap before GC invocations=2 (full 0):
 garbage-first heap   total 118784K, used 54448K [0x0000000080000000, 0x0000000100000000)
  region size 1024K, 46 young (47104K), 5 survivors (5120K)
 Metaspace       used 4607K, committed 4736K, reserved 491520K
  class space    used 572K, committed 640K, reserved 425984K
}
Event: 7.137 GC heap after
{Heap after GC invocations=3 (full 0):
 garbage-first heap   total 118784K, used 15667K [0x0000000080000000, 0x0000000100000000)
  region size 1024K, 4 young (4096K), 4 survivors (4096K)
 Metaspace       used 4607K, committed 4736K, reserved 491520K
  class space    used 572K, committed 640K, reserved 425984K
}
Event: 13.505 GC heap before
{Heap before GC invocations=3 (full 0):
 garbage-first heap   total 118784K, used 81203K [0x0000000080000000, 0x0000000100000000)
  region size 1024K, 68 young (69632K), 4 survivors (4096K)
 Metaspace       used 15094K, committed 15424K, reserved 491520K
  class space    used 2057K, committed 2176K, reserved 425984K
}
Event: 13.529 GC heap after
{Heap after GC invocations=4 (full 0):
 garbage-first heap   total 118784K, used 20969K [0x0000000080000000, 0x0000000100000000)
  region size 1024K, 9 young (9216K), 9 survivors (9216K)
 Metaspace       used 15094K, committed 15424K, reserved 491520K
  class space    used 2057K, committed 2176K, reserved 425984K
}
Event: 16.933 GC heap before
{Heap before GC invocations=4 (full 0):
 garbage-first heap   total 118784K, used 66025K [0x0000000080000000, 0x0000000100000000)
  region size 1024K, 53 young (54272K), 9 survivors (9216K)
 Metaspace       used 21175K, committed 21504K, reserved 491520K
  class space    used 2919K, committed 3072K, reserved 425984K
}
Event: 16.943 GC heap after
{Heap after GC invocations=5 (full 0):
 garbage-first heap   total 118784K, used 23480K [0x0000000080000000, 0x0000000100000000)
  region size 1024K, 3 young (3072K), 3 survivors (3072K)
 Metaspace       used 21175K, committed 21504K, reserved 491520K
  class space    used 2919K, committed 3072K, reserved 425984K
}
Event: 21.942 GC heap before
{Heap before GC invocations=6 (full 0):
 garbage-first heap   total 86016K, used 71608K [0x0000000080000000, 0x0000000100000000)
  region size 1024K, 50 young (51200K), 3 survivors (3072K)
 Metaspace       used 26809K, committed 27200K, reserved 491520K
  class space    used 3806K, committed 3968K, reserved 425984K
}
Event: 21.948 GC heap after
{Heap after GC invocations=7 (full 0):
 garbage-first heap   total 86016K, used 25389K [0x0000000080000000, 0x0000000100000000)
  region size 1024K, 5 young (5120K), 5 survivors (5120K)
 Metaspace       used 26809K, committed 27200K, reserved 491520K
  class space    used 3806K, committed 3968K, reserved 425984K
}

Dll operation events (15 events):
Event: 0.057 Loaded shared library C:\Program Files\Microsoft\jdk-17.0.17.10-hotspot\bin\java.dll
Event: 0.196 Loaded shared library C:\Program Files\Microsoft\jdk-17.0.17.10-hotspot\bin\jsvml.dll
Event: 0.330 Loaded shared library C:\Program Files\Microsoft\jdk-17.0.17.10-hotspot\bin\zip.dll
Event: 0.342 Loaded shared library C:\Program Files\Microsoft\jdk-17.0.17.10-hotspot\bin\instrument.dll
Event: 0.357 Loaded shared library C:\Program Files\Microsoft\jdk-17.0.17.10-hotspot\bin\net.dll
Event: 0.360 Loaded shared library C:\Program Files\Microsoft\jdk-17.0.17.10-hotspot\bin\nio.dll
Event: 0.364 Loaded shared library C:\Program Files\Microsoft\jdk-17.0.17.10-hotspot\bin\zip.dll
Event: 1.284 Loaded shared library C:\Program Files\Microsoft\jdk-17.0.17.10-hotspot\bin\jimage.dll
Event: 2.157 Loaded shared library C:\Program Files\Microsoft\jdk-17.0.17.10-hotspot\bin\verify.dll
Event: 2.286 Loaded shared library C:\Users\mark072205\.gradle\native\1def1411415f61bf3af743bc5b6707747c0891f09f0c88961ee8f79bc544acac\windows-amd64\native-platform.dll
Event: 2.352 Loaded shared library C:\Users\mark072205\.gradle\native\0.2.8\x86_64-windows-gnu\gradle-fileevents.dll
Event: 8.250 Loaded shared library C:\Program Files\Microsoft\jdk-17.0.17.10-hotspot\bin\management.dll
Event: 8.291 Loaded shared library C:\Program Files\Microsoft\jdk-17.0.17.10-hotspot\bin\management_ext.dll
Event: 9.688 Loaded shared library C:\Program Files\Microsoft\jdk-17.0.17.10-hotspot\bin\extnet.dll
Event: 11.019 Loaded shared library C:\Program Files\Microsoft\jdk-17.0.17.10-hotspot\bin\sunmscapi.dll

Deoptimization events (20 events):
Event: 25.326 Thread 0x0000022ed90f56e0 Uncommon trap: trap_request=0xffffff45 fr.pc=0x0000022eaaa01924 relative=0x0000000000000084
Event: 25.326 Thread 0x0000022ed90f56e0 Uncommon trap: reason=unstable_if action=reinterpret pc=0x0000022eaaa01924 method=jdk.internal.loader.URLClassPath$JarLoader.getResource(Ljava/lang/String;ZLjava/util/Set;)Ljdk/internal/loader/Resource; @ 17 c2
Event: 25.326 Thread 0x0000022ed90f56e0 DEOPT PACKING pc=0x0000022eaaa01924 sp=0x0000007e08cf7e80
Event: 25.326 Thread 0x0000022ed90f56e0 DEOPT UNPACKING pc=0x0000022eaa2b69a3 sp=0x0000007e08cf7dc8 mode 2
Event: 25.405 Thread 0x0000022ed90f56e0 Uncommon trap: trap_request=0xffffffc6 fr.pc=0x0000022eaa9ee1e4 relative=0x0000000000000644
Event: 25.405 Thread 0x0000022ed90f56e0 Uncommon trap: reason=bimorphic_or_optimized_type_check action=maybe_recompile pc=0x0000022eaa9ee1e4 method=java.io.BufferedInputStream.read([BII)I @ 101 c2
Event: 25.405 Thread 0x0000022ed90f56e0 DEOPT PACKING pc=0x0000022eaa9ee1e4 sp=0x0000007e08cf81a0
Event: 25.405 Thread 0x0000022ed90f56e0 DEOPT UNPACKING pc=0x0000022eaa2b69a3 sp=0x0000007e08cf8158 mode 2
Event: 25.405 Thread 0x0000022ed90f56e0 Uncommon trap: trap_request=0xffffffc6 fr.pc=0x0000022eaa9ee1e4 relative=0x0000000000000644
Event: 25.405 Thread 0x0000022ed90f56e0 Uncommon trap: reason=bimorphic_or_optimized_type_check action=maybe_recompile pc=0x0000022eaa9ee1e4 method=java.io.BufferedInputStream.read([BII)I @ 101 c2
Event: 25.405 Thread 0x0000022ed90f56e0 DEOPT PACKING pc=0x0000022eaa9ee1e4 sp=0x0000007e08cf81a0
Event: 25.405 Thread 0x0000022ed90f56e0 DEOPT UNPACKING pc=0x0000022eaa2b69a3 sp=0x0000007e08cf8158 mode 2
Event: 25.405 Thread 0x0000022ed90f56e0 Uncommon trap: trap_request=0xffffffc6 fr.pc=0x0000022eaa9ee1e4 relative=0x0000000000000644
Event: 25.405 Thread 0x0000022ed90f56e0 Uncommon trap: reason=bimorphic_or_optimized_type_check action=maybe_recompile pc=0x0000022eaa9ee1e4 method=java.io.BufferedInputStream.read([BII)I @ 101 c2
Event: 25.405 Thread 0x0000022ed90f56e0 DEOPT PACKING pc=0x0000022eaa9ee1e4 sp=0x0000007e08cf81a0
Event: 25.405 Thread 0x0000022ed90f56e0 DEOPT UNPACKING pc=0x0000022eaa2b69a3 sp=0x0000007e08cf8158 mode 2
Event: 25.406 Thread 0x0000022ed90f56e0 Uncommon trap: trap_request=0xffffffc6 fr.pc=0x0000022eaa9ee1e4 relative=0x0000000000000644
Event: 25.406 Thread 0x0000022ed90f56e0 Uncommon trap: reason=bimorphic_or_optimized_type_check action=maybe_recompile pc=0x0000022eaa9ee1e4 method=java.io.BufferedInputStream.read([BII)I @ 101 c2
Event: 25.406 Thread 0x0000022ed90f56e0 DEOPT PACKING pc=0x0000022eaa9ee1e4 sp=0x0000007e08cf81a0
Event: 25.406 Thread 0x0000022ed90f56e0 DEOPT UNPACKING pc=0x0000022eaa2b69a3 sp=0x0000007e08cf8158 mode 2

Classes loaded (20 events):
Event: 25.333 Loading class java/util/BitSet
Event: 25.337 Loading class java/util/BitSet done
Event: 25.371 Loading class java/io/PrintWriter
Event: 25.374 Loading class java/io/PrintWriter done
Event: 25.374 Loading class java/util/TimerTask
Event: 25.377 Loading class java/util/TimerTask done
Event: 25.377 Loading class java/util/Timer
Event: 25.379 Loading class java/util/Timer done
Event: 25.380 Loading class java/lang/Process
Event: 25.383 Loading class java/lang/Process done
Event: 25.386 Loading class java/util/stream/DoubleStream
Event: 25.389 Loading class java/util/stream/DoubleStream done
Event: 25.389 Loading class java/util/stream/LongStream
Event: 25.392 Loading class java/util/stream/LongStream done
Event: 25.392 Loading class java/util/OptionalDouble
Event: 25.394 Loading class java/util/OptionalDouble done
Event: 25.394 Loading class java/util/OptionalLong
Event: 25.395 Loading class java/util/OptionalLong done
Event: 25.502 Loading class java/security/AccessControlException
Event: 25.506 Loading class java/security/AccessControlException done

Classes unloaded (0 events):
No events

Classes redefined (0 events):
No events

Internal exceptions (20 events):
Event: 24.029 Thread 0x0000022eda8b17b0 Exception <a 'java/lang/NoSuchMethodError'{0x0000000083fcc658}: 'void java.lang.invoke.DirectMethodHandle$Holder.invokeInterface(java.lang.Object, java.lang.Object, java.lang.Object, java.lang.Object)'> (0x0000000083fcc658) 
thrown [s\src\hotspot\share\interpreter\linkResolver.cpp, line 759]
Event: 24.044 Thread 0x0000022eda8b17b0 Exception <a 'sun/nio/fs/WindowsException'{0x0000000083fdac78}> (0x0000000083fdac78) 
thrown [s\src\hotspot\share\prims\jni.cpp, line 516]
Event: 24.051 Thread 0x0000022eda8b17b0 Exception <a 'sun/nio/fs/WindowsException'{0x0000000083fdb788}> (0x0000000083fdb788) 
thrown [s\src\hotspot\share\prims\jni.cpp, line 516]
Event: 24.899 Thread 0x0000022eda8b0880 Exception <a 'sun/nio/fs/WindowsException'{0x0000000083c603f8}> (0x0000000083c603f8) 
thrown [s\src\hotspot\share\prims\jni.cpp, line 516]
Event: 24.900 Thread 0x0000022eda8b0880 Exception <a 'sun/nio/fs/WindowsException'{0x0000000083c60b00}> (0x0000000083c60b00) 
thrown [s\src\hotspot\share\prims\jni.cpp, line 516]
Event: 24.973 Thread 0x0000022eda8b0880 Exception <a 'sun/nio/fs/WindowsException'{0x0000000083cfc348}> (0x0000000083cfc348) 
thrown [s\src\hotspot\share\prims\jni.cpp, line 516]
Event: 24.987 Thread 0x0000022eda8b0880 Exception <a 'sun/nio/fs/WindowsException'{0x0000000083b0ced0}> (0x0000000083b0ced0) 
thrown [s\src\hotspot\share\prims\jni.cpp, line 516]
Event: 24.998 Thread 0x0000022eda8b0880 Exception <a 'sun/nio/fs/WindowsException'{0x0000000083b24f08}> (0x0000000083b24f08) 
thrown [s\src\hotspot\share\prims\jni.cpp, line 516]
Event: 25.006 Thread 0x0000022eda8b0880 Exception <a 'sun/nio/fs/WindowsException'{0x0000000083b347a0}> (0x0000000083b347a0) 
thrown [s\src\hotspot\share\prims\jni.cpp, line 516]
Event: 25.019 Thread 0x0000022eda8b0880 Exception <a 'sun/nio/fs/WindowsException'{0x0000000083b436f0}> (0x0000000083b436f0) 
thrown [s\src\hotspot\share\prims\jni.cpp, line 516]
Event: 25.023 Thread 0x0000022eda8b0880 Exception <a 'sun/nio/fs/WindowsException'{0x0000000083b52f08}> (0x0000000083b52f08) 
thrown [s\src\hotspot\share\prims\jni.cpp, line 516]
Event: 25.031 Thread 0x0000022eda8b0880 Exception <a 'sun/nio/fs/WindowsException'{0x0000000083b63120}> (0x0000000083b63120) 
thrown [s\src\hotspot\share\prims\jni.cpp, line 516]
Event: 25.039 Thread 0x0000022eda8b0880 Exception <a 'sun/nio/fs/WindowsException'{0x0000000083b7cbb0}> (0x0000000083b7cbb0) 
thrown [s\src\hotspot\share\prims\jni.cpp, line 516]
Event: 25.047 Thread 0x0000022eda8b0880 Exception <a 'sun/nio/fs/WindowsException'{0x0000000083b8b2c8}> (0x0000000083b8b2c8) 
thrown [s\src\hotspot\share\prims\jni.cpp, line 516]
Event: 25.053 Thread 0x0000022eda8b0880 Exception <a 'sun/nio/fs/WindowsException'{0x0000000083b99d68}> (0x0000000083b99d68) 
thrown [s\src\hotspot\share\prims\jni.cpp, line 516]
Event: 25.061 Thread 0x0000022eda8b0880 Exception <a 'sun/nio/fs/WindowsException'{0x0000000083ba8e90}> (0x0000000083ba8e90) 
thrown [s\src\hotspot\share\prims\jni.cpp, line 516]
Event: 25.077 Thread 0x0000022eda8b0880 Exception <a 'sun/nio/fs/WindowsException'{0x0000000083bb9550}> (0x0000000083bb9550) 
thrown [s\src\hotspot\share\prims\jni.cpp, line 516]
Event: 25.089 Thread 0x0000022eda8b0880 Exception <a 'sun/nio/fs/WindowsException'{0x0000000083bc7518}> (0x0000000083bc7518) 
thrown [s\src\hotspot\share\prims\jni.cpp, line 516]
Event: 25.097 Thread 0x0000022eda8b0880 Exception <a 'sun/nio/fs/WindowsException'{0x0000000083bd5020}> (0x0000000083bd5020) 
thrown [s\src\hotspot\share\prims\jni.cpp, line 516]
Event: 25.109 Thread 0x0000022eda8b0880 Exception <a 'sun/nio/fs/WindowsException'{0x0000000083bde0a0}> (0x0000000083bde0a0) 
thrown [s\src\hotspot\share\prims\jni.cpp, line 516]

VM Operations (20 events):
Event: 23.386 Executing VM operation: HandshakeAllThreads
Event: 23.386 Executing VM operation: HandshakeAllThreads done
Event: 23.386 Executing VM operation: Cleanup
Event: 23.387 Executing VM operation: Cleanup done
Event: 23.460 Executing VM operation: HandshakeAllThreads
Event: 23.460 Executing VM operation: HandshakeAllThreads done
Event: 23.471 Executing VM operation: HandshakeAllThreads
Event: 23.471 Executing VM operation: HandshakeAllThreads done
Event: 24.480 Executing VM operation: Cleanup
Event: 24.480 Executing VM operation: Cleanup done
Event: 25.152 Executing VM operation: HandshakeAllThreads
Event: 25.152 Executing VM operation: HandshakeAllThreads done
Event: 25.152 Executing VM operation: HandshakeAllThreads
Event: 25.152 Executing VM operation: HandshakeAllThreads done
Event: 25.507 Executing VM operation: HandshakeAllThreads
Event: 25.507 Executing VM operation: HandshakeAllThreads done
Event: 25.507 Executing VM operation: Cleanup
Event: 25.507 Executing VM operation: Cleanup done
Event: 26.516 Executing VM operation: Cleanup
Event: 26.516 Executing VM operation: Cleanup done

Memory protections (0 events):
No events

Nmethod flushes (0 events):
No events

Events (20 events):
Event: 11.113 Thread 0x0000022eda44b020 Thread added: 0x0000022ed9cca660
Event: 11.130 Thread 0x0000022ed9cca660 Thread added: 0x0000022eb9757a90
Event: 11.260 Thread 0x0000022ed9cca660 Thread added: 0x0000022eb9754650
Event: 11.278 Thread 0x0000022ed9cca660 Thread added: 0x0000022ed90f56e0
Event: 11.313 Thread 0x0000022ed90f56e0 Thread added: 0x0000022ed90f3d90
Event: 11.324 Thread 0x0000022ed90f56e0 Thread added: 0x0000022ed90f42a0
Event: 11.366 Thread 0x0000022ed90f56e0 Thread added: 0x0000022ed90f4cc0
Event: 13.130 Thread 0x0000022ed90f56e0 Thread added: 0x0000022ed90f51d0
Event: 13.145 Thread 0x0000022ed90f56e0 Thread added: 0x0000022ed90f2950
Event: 13.313 Thread 0x0000022ed90f56e0 Thread added: 0x0000022ed90f2440
Event: 17.316 Thread 0x0000022ed90f56e0 Thread added: 0x0000022ed90f47b0
Event: 17.420 Thread 0x0000022ed90f56e0 Thread added: 0x0000022ed90f3880
Event: 19.098 Thread 0x0000022ed90f56e0 Thread added: 0x0000022ed90f5bf0
Event: 19.143 Thread 0x0000022ed90f56e0 Thread added: 0x0000022ed90f3370
Event: 20.654 Thread 0x0000022ed90f56e0 Thread added: 0x0000022eda8aea20
Event: 21.100 Thread 0x0000022ed90f56e0 Thread added: 0x0000022eda8b21d0
Event: 22.308 Thread 0x0000022ed90f56e0 Thread added: 0x0000022eda8aef30
Event: 22.818 Thread 0x0000022ed90f56e0 Thread added: 0x0000022eda8b2bf0
Event: 23.970 Thread 0x0000022ed90f56e0 Thread added: 0x0000022eda8b17b0
Event: 24.866 Thread 0x0000022ed90f56e0 Thread added: 0x0000022eda8b0880


Dynamic libraries:
0x00007ff75b5f0000 - 0x00007ff75b5fe000 	C:\Program Files\Microsoft\jdk-17.0.17.10-hotspot\bin\java.exe
0x00007ffd8bbe0000 - 0x00007ffd8be47000 	C:\WINDOWS\SYSTEM32\ntdll.dll
0x00007ffd89c10000 - 0x00007ffd89cd9000 	C:\WINDOWS\System32\KERNEL32.DLL
0x00007ffd89290000 - 0x00007ffd89681000 	C:\WINDOWS\System32\KERNELBASE.dll
0x00007ffd884c0000 - 0x00007ffd8860b000 	C:\WINDOWS\System32\ucrtbase.dll
0x00007ffd840a0000 - 0x00007ffd840b8000 	C:\Program Files\Microsoft\jdk-17.0.17.10-hotspot\bin\jli.dll
0x00007ffd8ab80000 - 0x00007ffd8ad45000 	C:\WINDOWS\System32\USER32.dll
0x00007ffd88880000 - 0x00007ffd888a7000 	C:\WINDOWS\System32\win32u.dll
0x00007ffd8a030000 - 0x00007ffd8a05b000 	C:\WINDOWS\System32\GDI32.dll
0x00007ffd88750000 - 0x00007ffd8887b000 	C:\WINDOWS\System32\gdi32full.dll
0x00007ffd888b0000 - 0x00007ffd88953000 	C:\WINDOWS\System32\msvcp_win.dll
0x00007ffd758b0000 - 0x00007ffd758ce000 	C:\Program Files\Microsoft\jdk-17.0.17.10-hotspot\bin\VCRUNTIME140.dll
0x00007ffd65540000 - 0x00007ffd657d3000 	C:\WINDOWS\WinSxS\amd64_microsoft.windows.common-controls_6595b64144ccf1df_6.0.26100.8037_none_3e092faae333b53b\COMCTL32.dll
0x00007ffd8baf0000 - 0x00007ffd8bb99000 	C:\WINDOWS\System32\msvcrt.dll
0x00007ffd8ba60000 - 0x00007ffd8ba91000 	C:\WINDOWS\System32\IMM32.DLL
0x00007ffd83be0000 - 0x00007ffd83bec000 	C:\Program Files\Microsoft\jdk-17.0.17.10-hotspot\bin\vcruntime140_1.dll
0x00007ffd2ba70000 - 0x00007ffd2baf9000 	C:\Program Files\Microsoft\jdk-17.0.17.10-hotspot\bin\msvcp140.dll
0x00007ffc9e110000 - 0x00007ffc9ed8a000 	C:\Program Files\Microsoft\jdk-17.0.17.10-hotspot\bin\server\jvm.dll
0x00007ffd8b920000 - 0x00007ffd8b9db000 	C:\WINDOWS\System32\ADVAPI32.dll
0x00007ffd89f80000 - 0x00007ffd8a027000 	C:\WINDOWS\System32\sechost.dll
0x00007ffd89980000 - 0x00007ffd89a98000 	C:\WINDOWS\System32\RPCRT4.dll
0x00007ffd8b9e0000 - 0x00007ffd8ba54000 	C:\WINDOWS\System32\WS2_32.dll
0x00007ffd828e0000 - 0x00007ffd82915000 	C:\WINDOWS\SYSTEM32\WINMM.dll
0x00007ffd88320000 - 0x00007ffd8837e000 	C:\WINDOWS\SYSTEM32\POWRPROF.dll
0x00007ffd82920000 - 0x00007ffd8292b000 	C:\WINDOWS\SYSTEM32\VERSION.dll
0x00007ffd88300000 - 0x00007ffd88314000 	C:\WINDOWS\SYSTEM32\UMPDC.dll
0x00007ffd87250000 - 0x00007ffd8726b000 	C:\WINDOWS\SYSTEM32\kernel.appcore.dll
0x00007ffd69ea0000 - 0x00007ffd69eaa000 	C:\Program Files\Microsoft\jdk-17.0.17.10-hotspot\bin\jimage.dll
0x00007ffd77c20000 - 0x00007ffd77e62000 	C:\WINDOWS\SYSTEM32\DBGHELP.DLL
0x00007ffd8ae20000 - 0x00007ffd8b1a2000 	C:\WINDOWS\System32\combase.dll
0x00007ffd8a8e0000 - 0x00007ffd8a9b7000 	C:\WINDOWS\System32\OLEAUT32.dll
0x00007ffd6cc70000 - 0x00007ffd6ccab000 	C:\WINDOWS\SYSTEM32\dbgcore.DLL
0x00007ffd88610000 - 0x00007ffd886b5000 	C:\WINDOWS\System32\bcryptPrimitives.dll
0x00007ffd52280000 - 0x00007ffd5228f000 	C:\Program Files\Microsoft\jdk-17.0.17.10-hotspot\bin\instrument.dll
0x00007ffd4f7c0000 - 0x00007ffd4f7e6000 	C:\Program Files\Microsoft\jdk-17.0.17.10-hotspot\bin\java.dll
0x00007ffd0a620000 - 0x00007ffd0a6f6000 	C:\Program Files\Microsoft\jdk-17.0.17.10-hotspot\bin\jsvml.dll
0x00007ffd8b1b0000 - 0x00007ffd8b90f000 	C:\WINDOWS\System32\SHELL32.dll
0x00007ffd89810000 - 0x00007ffd8997a000 	C:\WINDOWS\System32\wintypes.dll
0x00007ffd88960000 - 0x00007ffd891c4000 	C:\WINDOWS\System32\windows.storage.dll
0x00007ffd89aa0000 - 0x00007ffd89b97000 	C:\WINDOWS\System32\SHCORE.dll
0x00007ffd89ba0000 - 0x00007ffd89c07000 	C:\WINDOWS\System32\shlwapi.dll
0x00007ffd883e0000 - 0x00007ffd88409000 	C:\WINDOWS\SYSTEM32\profapi.dll
0x00007ffd4ce60000 - 0x00007ffd4ce78000 	C:\Program Files\Microsoft\jdk-17.0.17.10-hotspot\bin\zip.dll
0x00007ffd5ba60000 - 0x00007ffd5ba7b000 	C:\Program Files\Microsoft\jdk-17.0.17.10-hotspot\bin\net.dll
0x00007ffd82d60000 - 0x00007ffd82e87000 	C:\WINDOWS\SYSTEM32\WINHTTP.dll
0x00007ffd877c0000 - 0x00007ffd8782b000 	C:\WINDOWS\system32\mswsock.dll
0x00007ffd5b210000 - 0x00007ffd5b226000 	C:\Program Files\Microsoft\jdk-17.0.17.10-hotspot\bin\nio.dll
0x00007ffd737e0000 - 0x00007ffd737f0000 	C:\Program Files\Microsoft\jdk-17.0.17.10-hotspot\bin\verify.dll
0x00007ffcdabb0000 - 0x00007ffcdabd7000 	C:\Users\mark072205\.gradle\native\1def1411415f61bf3af743bc5b6707747c0891f09f0c88961ee8f79bc544acac\windows-amd64\native-platform.dll
0x00007ffd758d0000 - 0x00007ffd75947000 	C:\Users\mark072205\.gradle\native\0.2.8\x86_64-windows-gnu\gradle-fileevents.dll
0x00007ffd6a130000 - 0x00007ffd6a13a000 	C:\Program Files\Microsoft\jdk-17.0.17.10-hotspot\bin\management.dll
0x00007ffd522a0000 - 0x00007ffd522ac000 	C:\Program Files\Microsoft\jdk-17.0.17.10-hotspot\bin\management_ext.dll
0x00007ffd8ad50000 - 0x00007ffd8ad58000 	C:\WINDOWS\System32\PSAPI.DLL
0x00007ffd86c90000 - 0x00007ffd86cc3000 	C:\WINDOWS\SYSTEM32\IPHLPAPI.DLL
0x00007ffd8ab60000 - 0x00007ffd8ab6a000 	C:\WINDOWS\System32\NSI.dll
0x00007ffd83220000 - 0x00007ffd8323d000 	C:\WINDOWS\SYSTEM32\dhcpcsvc6.DLL
0x00007ffd831f0000 - 0x00007ffd83213000 	C:\WINDOWS\SYSTEM32\dhcpcsvc.DLL
0x00007ffd86d30000 - 0x00007ffd86e5a000 	C:\WINDOWS\SYSTEM32\DNSAPI.dll
0x00007ffd52290000 - 0x00007ffd52299000 	C:\Program Files\Microsoft\jdk-17.0.17.10-hotspot\bin\extnet.dll
0x00007ffd87aa0000 - 0x00007ffd87abb000 	C:\WINDOWS\SYSTEM32\CRYPTSP.dll
0x00007ffd871b0000 - 0x00007ffd871e9000 	C:\WINDOWS\system32\rsaenh.dll
0x00007ffd87870000 - 0x00007ffd878a2000 	C:\WINDOWS\SYSTEM32\USERENV.dll
0x00007ffd883b0000 - 0x00007ffd883da000 	C:\WINDOWS\SYSTEM32\bcrypt.dll
0x00007ffd87ac0000 - 0x00007ffd87acc000 	C:\WINDOWS\SYSTEM32\CRYPTBASE.dll
0x00007ffd6ae80000 - 0x00007ffd6ae8e000 	C:\Program Files\Microsoft\jdk-17.0.17.10-hotspot\bin\sunmscapi.dll
0x00007ffd89690000 - 0x00007ffd89807000 	C:\WINDOWS\System32\CRYPT32.dll
0x00007ffd87cc0000 - 0x00007ffd87cf0000 	C:\WINDOWS\SYSTEM32\ncrypt.dll
0x00007ffd87c70000 - 0x00007ffd87caf000 	C:\WINDOWS\SYSTEM32\NTASN1.dll
0x00007ffd83de0000 - 0x00007ffd83de8000 	C:\WINDOWS\system32\wshunix.dll

dbghelp: loaded successfully - version: 4.0.5 - missing functions: none
symbol engine: initialized successfully - sym options: 0x614 - pdb path: .;C:\Program Files\Microsoft\jdk-17.0.17.10-hotspot\bin;C:\WINDOWS\SYSTEM32;C:\WINDOWS\WinSxS\amd64_microsoft.windows.common-controls_6595b64144ccf1df_6.0.26100.8037_none_3e092faae333b53b;C:\Program Files\Microsoft\jdk-17.0.17.10-hotspot\bin\server;C:\Users\mark072205\.gradle\native\1def1411415f61bf3af743bc5b6707747c0891f09f0c88961ee8f79bc544acac\windows-amd64;C:\Users\mark072205\.gradle\native\0.2.8\x86_64-windows-gnu

VM Arguments:
jvm_args: --add-opens=java.base/java.lang=ALL-UNNAMED --add-opens=java.base/java.lang.invoke=ALL-UNNAMED --add-opens=java.base/java.util=ALL-UNNAMED --add-opens=java.prefs/java.util.prefs=ALL-UNNAMED --add-exports=jdk.compiler/com.sun.tools.javac.api=ALL-UNNAMED --add-exports=jdk.compiler/com.sun.tools.javac.util=ALL-UNNAMED --add-opens=java.base/java.util=ALL-UNNAMED --add-opens=java.prefs/java.util.prefs=ALL-UNNAMED --add-opens=java.base/java.nio.charset=ALL-UNNAMED --add-opens=java.base/java.net=ALL-UNNAMED --add-opens=java.base/java.util.concurrent=ALL-UNNAMED --add-opens=java.base/java.util.concurrent.atomic=ALL-UNNAMED --add-opens=java.xml/javax.xml.namespace=ALL-UNNAMED -XX:MaxMetaspaceSize=512m -Xmx2048m -Dfile.encoding=windows-1252 -Duser.country=PH -Duser.language=en -Duser.variant -javaagent:C:\Users\mark072205\.gradle\wrapper\dists\gradle-9.0.0-bin\d6wjpkvcgsg3oed0qlfss3wgl\gradle-9.0.0\lib\agents\gradle-instrumentation-agent-9.0.0.jar 
java_command: org.gradle.launcher.daemon.bootstrap.GradleDaemon 9.0.0
java_class_path (initial): C:\Users\mark072205\.gradle\wrapper\dists\gradle-9.0.0-bin\d6wjpkvcgsg3oed0qlfss3wgl\gradle-9.0.0\lib\gradle-daemon-main-9.0.0.jar
Launcher Type: SUN_STANDARD

[Global flags]
     intx CICompilerCount                          = 4                                         {product} {ergonomic}
   size_t CompressedClassSpaceSize                 = 436207616                                 {product} {ergonomic}
     uint ConcGCThreads                            = 2                                         {product} {ergonomic}
     uint G1ConcRefinementThreads                  = 8                                         {product} {ergonomic}
   size_t G1HeapRegionSize                         = 1048576                                   {product} {ergonomic}
    uintx GCDrainStackTargetSize                   = 64                                        {product} {ergonomic}
   size_t InitialHeapSize                          = 121634816                                 {product} {ergonomic}
   size_t MarkStackSize                            = 4194304                                   {product} {ergonomic}
   size_t MaxHeapSize                              = 2147483648                                {product} {command line}
   size_t MaxMetaspaceSize                         = 536870912                                 {product} {command line}
   size_t MaxNewSize                               = 1287651328                                {product} {ergonomic}
   size_t MinHeapDeltaBytes                        = 1048576                                   {product} {ergonomic}
   size_t MinHeapSize                              = 8388608                                   {product} {ergonomic}
    uintx NonNMethodCodeHeapSize                   = 5839372                                {pd product} {ergonomic}
    uintx NonProfiledCodeHeapSize                  = 122909434                              {pd product} {ergonomic}
    uintx ProfiledCodeHeapSize                     = 122909434                              {pd product} {ergonomic}
    uintx ReservedCodeCacheSize                    = 251658240                              {pd product} {ergonomic}
     bool SegmentedCodeCache                       = true                                      {product} {ergonomic}
   size_t SoftMaxHeapSize                          = 2147483648                             {manageable} {ergonomic}
     bool UseCompressedClassPointers               = true                           {product lp64_product} {ergonomic}
     bool UseCompressedOops                        = true                           {product lp64_product} {ergonomic}
     bool UseG1GC                                  = true                                      {product} {ergonomic}
     bool UseLargePagesIndividualAllocation        = false                                  {pd product} {ergonomic}

Logging:
Log output configuration:
 #0: stdout all=warning uptime,level,tags
 #1: stderr all=off uptime,level,tags

Environment Variables:
JAVA_HOME=C:\Program Files\Microsoft\jdk-17.0.17.10-hotspot\
PATH=C:\Program Files (x86)\oh-my-posh\bin\;C:\Program Files\Microsoft\jdk-17.0.17.10-hotspot\bin;C:\Program Files (x86)\Common Files\Intel\Shared Libraries\redist\intel64\compiler;C:\Program Files\Common Files\Oracle\Java\javapath;C:\Program Files (x86)\Common Files\Oracle\Java\java8path;C:\Program Files (x86)\Common Files\Oracle\Java\javapath;C:\Program Files\Python311\Scripts\;C:\Program Files\Python311\;C:\WINDOWS\system32;C:\WINDOWS;C:\WINDOWS\System32\Wbem;C:\WINDOWS\System32\WindowsPowerShell\v1.0\;C:\WINDOWS\System32\OpenSSH\;C:\Program Files\dotnet\;C:\ProgramData\ComposerSetup\bin;C:\Program Files\cursor\resources\app\bin;C:\ProgramData\chocolatey\bin;C:\Program Files\nodejs\;C:\Users\mark072205\AppData\Local\Android\Sdk\platform-tools;C:\OpenSSL-Win64;C:\Program Files\Git\cmd;C:\Program Files\PowerShell\7\;C:\Program Files\Docker\Docker\resources\bin;C:\xampp\php;C:\Users\mark072205\AppData\Local\Microsoft\WindowsApps;C:\Users\mark072205\AppData\Local\Programs\Microsoft VS Code\bin;C:\Users\mark072205\AppData\Local\Android\Sdk\platform-tools;
USERNAME=mark072205
OS=Windows_NT
PROCESSOR_IDENTIFIER=AMD64 Family 23 Model 160 Stepping 0, AuthenticAMD
TMP=C:\Users\MARK07~1\AppData\Local\Temp
TEMP=C:\Users\MARK07~1\AppData\Local\Temp



Periodic native trim disabled


---------------  S Y S T E M  ---------------

OS:
 Windows 11 , 64 bit Build 26100 (10.0.26100.7920)
OS uptime: 0 days 0:46 hours
Hyper-V role detected

CPU: total 8 (initial active 8) (8 cores per cpu, 2 threads per core) family 23 model 160 stepping 0 microcode 0x8a00006, cx8, cmov, fxsr, ht, mmx, 3dnowpref, sse, sse2, sse3, ssse3, sse4a, sse4.1, sse4.2, popcnt, lzcnt, tsc, tscinvbit, avx, avx2, aes, clmul, bmi1, bmi2, adx, sha, fma, vzeroupper, clflush, clflushopt, hv
Processor Information for the first 8 processors :
  Max Mhz: 2801, Current Mhz: 2801, Mhz Limit: 2801

Memory: 4k page, system-wide physical 7412M (251M free)
TotalPageFile size 29940M (AvailPageFile size 8M)
current process WorkingSet (physical memory assigned to process): 151M, peak: 184M
current process commit charge ("private bytes"): 254M, peak: 273M

vm_info: OpenJDK 64-Bit Server VM (17.0.17+10-LTS) for windows-amd64 JRE (17.0.17+10-LTS), built on Oct 13 2025 22:19:56 by "MicrosoftCorporation" with unknown MS VC++:1944

END.
